New user created: adminuser (admin)
Failed to send welcome email to admin@test.com: 'Settings' object has no attribute 'FRONTEND_URL'
Failed to log user activity: no such table: audit_auditlog
New user created: testuser (coordinator)
Failed to log user activity: no such table: audit_auditlog
New user created: testuser (coordinator)
Failed to send welcome email to test@test.com: 'Settings' object has no attribute 'FRONTEND_URL'
Failed to log user activity: no such table: audit_auditlog
New user created: testuser (coordinator)
Failed to send welcome email to test@test.com: 'Settings' object has no attribute 'FRONTEND_URL'
Failed to log user activity: no such table: audit_auditlog
New user created: adminuser (admin)
Welcome email sent to admin@test.com
New user created: testuser (coordinator)
New user created: testuser (coordinator)
Welcome email sent to test@test.com
New user created: testuser (coordinator)
Welcome email sent to test@test.com
Welcome email sent to test@test.com
New user created: adminuser (admin)
Welcome email sent to admin@test.com
New user created: testuser (coordinator)
New user created: testuser (coordinator)
Welcome email sent to test@test.com
New user created: testuser (coordinator)
Welcome email disabled for test@test.com
Welcome email sent to test@test.com
New user created: coordinator (coordinator)
New user created: adminuser (admin)
Welcome email sent to admin@test.com
New user created: testuser (coordinator)
New user created: testuser (coordinator)
Welcome email sent to test@test.com
New user created: testuser (coordinator)
Welcome email disabled for test@test.com
Welcome email sent to test@test.com
New user created: coordinator (coordinator)
New user created: coordinator (coordinator)
Welcome email sent to coordinator@test.com
New user created: admin (admin)
Welcome email sent to admin@test.com
New user created: coordinator (coordinator)
Welcome email sent to coordinator@test.com
New user created: admin (admin)
Welcome email sent to admin@test.com
New user created: coordinator (coordinator)
Welcome email sent to coordinator@test.com
New user created: admin (admin)
Welcome email sent to admin@test.com
New user created: coordinator (coordinator)
Welcome email sent to coordinator@test.com
New user created: admin (admin)
Welcome email sent to admin@test.com
New user created: coordinator (coordinator)
Welcome email sent to coordinator@test.com
New user created: coordinator (coordinator)
Welcome email sent to coordinator@test.com
New user created: coordinator (coordinator)
Welcome email sent to coordinator@test.com
New user created: admin (admin)
Welcome email sent to admin@test.com
New user created: coordinator (coordinator)
Welcome email sent to coordinator@test.com
New user created: admin (admin)
Welcome email sent to admin@test.com
New user created: coordinator (coordinator)
Welcome email sent to coordinator@test.com
New user created: admin (admin)
Welcome email sent to admin@test.com
New user created: coordinator (coordinator)
Welcome email sent to coordinator@test.com
New user created: admin (admin)
Welcome email sent to admin@test.com
New user created: coordinator (coordinator)
Welcome email sent to coordinator@test.com
New user created: admin (admin)
Welcome email sent to admin@test.com
New user created: coordinator (coordinator)
Welcome email sent to coordinator@test.com
New user created: coordinator (coordinator)
Welcome email sent to coordinator@test.com
New user created: coordinator (coordinator)
Welcome email sent to coordinator@test.com
New user created: coordinator (coordinator)
Welcome email sent to coordinator@test.com
New user created: admin (admin)
Welcome email sent to admin@test.com
New user created: coordinator (coordinator)
Welcome email sent to coordinator@test.com
New user created: other_coordinator (coordinator)
Welcome email sent to other@test.com
New user created: admin (admin)
Welcome email sent to admin@test.com
New user created: coordinator (coordinator)
Welcome email sent to coordinator@test.com
New user created: other_coordinator (coordinator)
Welcome email sent to other@test.com
New user created: admin (admin)
Welcome email sent to admin@test.com
New user created: coordinator (coordinator)
Welcome email sent to coordinator@test.com
New user created: other_coordinator (coordinator)
Welcome email sent to other@test.com
New user created: admin (admin)
Welcome email sent to admin@test.com
New user created: coordinator (coordinator)
Welcome email sent to coordinator@test.com
New user created: other_coordinator (coordinator)
Welcome email sent to other@test.com
New user created: admin (admin)
Welcome email sent to admin@test.com
New user created: coordinator (coordinator)
Welcome email sent to coordinator@test.com
New user created: other_coordinator (coordinator)
Welcome email sent to other@test.com
New user created: admin (admin)
Welcome email sent to admin@test.com
New user created: coordinator (coordinator)
Welcome email sent to coordinator@test.com
New user created: other_coordinator (coordinator)
Welcome email sent to other@test.com
New user created: admin (admin)
Welcome email sent to admin@test.com
New user created: coordinator (coordinator)
Welcome email sent to coordinator@test.com
New user created: other_coordinator (coordinator)
Welcome email sent to other@test.com
New user created: admin (admin)
Welcome email sent to admin@test.com
New user created: coordinator (coordinator)
Welcome email sent to coordinator@test.com
New user created: other_coordinator (coordinator)
Welcome email sent to other@test.com
New user created: admin (admin)
Welcome email sent to admin@test.com
New user created: coordinator (coordinator)
Welcome email sent to coordinator@test.com
New user created: other_coordinator (coordinator)
Welcome email sent to other@test.com
New user created: admin (admin)
Welcome email sent to admin@test.com
New user created: coordinator (coordinator)
Welcome email sent to coordinator@test.com
New user created: other_coordinator (coordinator)
Welcome email sent to other@test.com
New user created: admin (admin)
Welcome email sent to admin@test.com
New user created: coordinator (coordinator)
Welcome email sent to coordinator@test.com
New user created: other_coordinator (coordinator)
Welcome email sent to other@test.com
New user created: admin (admin)
Welcome email sent to admin@test.com
New user created: coordinator (coordinator)
Welcome email sent to coordinator@test.com
New user created: other_coordinator (coordinator)
Welcome email sent to other@test.com
New user created: admin (admin)
Welcome email sent to admin@test.com
New user created: coordinator (coordinator)
Welcome email sent to coordinator@test.com
New user created: admin (admin)
Welcome email sent to admin@test.com
New user created: coordinator (coordinator)
Welcome email sent to coordinator@test.com
New user created: admin (admin)
Welcome email sent to admin@test.com
New user created: coordinator (coordinator)
Welcome email sent to coordinator@test.com
New user created: admin (admin)
Welcome email sent to admin@test.com
New user created: coordinator (coordinator)
Welcome email sent to coordinator@test.com
New user created: admin (admin)
Welcome email sent to admin@test.com
New user created: coordinator (coordinator)
Welcome email sent to coordinator@test.com
New user created: admin (admin)
Welcome email sent to admin@test.com
New user created: coordinator (coordinator)
Welcome email sent to coordinator@test.com
New user created: coordinator (coordinator)
Welcome email sent to coordinator@test.com
New user created: admin (admin)
Welcome email sent to admin@test.com
New user created: coordinator (coordinator)
Welcome email sent to coordinator@test.com
New user created: admin (admin)
Welcome email sent to admin@test.com
New user created: coordinator (coordinator)
Welcome email sent to coordinator@test.com
New user created: admin (admin)
Welcome email sent to admin@test.com
New user created: admin (admin)
Welcome email sent to admin@test.com
New user created: coordinator (coordinator)
Welcome email sent to coordinator@test.com
New user created: admin (admin)
Welcome email sent to admin@test.com
New user created: coordinator (coordinator)
Welcome email sent to coordinator@test.com
New user created: admin (admin)
Welcome email sent to admin@test.com
New user created: coordinator (coordinator)
Welcome email sent to coordinator@test.com
New user created: admin (admin)
Welcome email sent to admin@test.com
New user created: coordinator (coordinator)
Welcome email sent to coordinator@test.com
New user created: admin (admin)
Welcome email sent to admin@test.com
New user created: coordinator (coordinator)
Welcome email sent to coordinator@test.com
New user created: admin (admin)
Welcome email sent to admin@test.com
New user created: coordinator (coordinator)
Welcome email sent to coordinator@test.com
New user created: coordinator (coordinator)
Welcome email sent to coordinator@test.com
New user created: admin (admin)
Welcome email sent to admin@test.com
New user created: coordinator (coordinator)
Welcome email sent to coordinator@test.com
New user created: admin (admin)
Welcome email sent to admin@test.com
New user created: coordinator (coordinator)
Welcome email sent to coordinator@test.com
New user created: admin (admin)
Welcome email sent to admin@test.com
New user created: coordinator (coordinator)
Welcome email sent to coordinator@test.com
New user created: coordinator (coordinator)
Welcome email sent to coordinator@test.com
New user created: coordinator (coordinator)
Welcome email sent to coordinator@test.com
New user created: admin (admin)
Welcome email sent to admin@test.com
New user created: coordinator (coordinator)
Welcome email sent to coordinator@test.com
New user created: admin (admin)
Welcome email sent to admin@test.com
New user created: coordinator (coordinator)
Welcome email sent to coordinator@test.com
New user created: admin (admin)
Welcome email sent to admin@test.com
New user created: coordinator (coordinator)
Welcome email sent to coordinator@test.com
New user created: other_coordinator (coordinator)
Welcome email sent to other@test.com
New user created: admin (admin)
Welcome email sent to admin@test.com
New user created: coordinator (coordinator)
Welcome email sent to coordinator@test.com
New user created: other_coordinator (coordinator)
Welcome email sent to other@test.com
New user created: admin (admin)
Welcome email sent to admin@test.com
New user created: coordinator (coordinator)
Welcome email sent to coordinator@test.com
New user created: other_coordinator (coordinator)
Welcome email sent to other@test.com
New user created: admin (admin)
Welcome email sent to admin@test.com
New user created: coordinator (coordinator)
Welcome email sent to coordinator@test.com
New user created: other_coordinator (coordinator)
Welcome email sent to other@test.com
New user created: admin (admin)
Welcome email sent to admin@test.com
New user created: coordinator (coordinator)
Welcome email sent to coordinator@test.com
New user created: other_coordinator (coordinator)
Welcome email sent to other@test.com
New user created: admin (admin)
Welcome email sent to admin@test.com
New user created: coordinator (coordinator)
Welcome email sent to coordinator@test.com
New user created: other_coordinator (coordinator)
Welcome email sent to other@test.com
New user created: admin (admin)
Welcome email sent to admin@test.com
New user created: coordinator (coordinator)
Welcome email sent to coordinator@test.com
New user created: other_coordinator (coordinator)
Welcome email sent to other@test.com
New user created: admin (admin)
Welcome email sent to admin@test.com
New user created: coordinator (coordinator)
Welcome email sent to coordinator@test.com
New user created: other_coordinator (coordinator)
Welcome email sent to other@test.com
New user created: admin (admin)
Welcome email sent to admin@test.com
New user created: coordinator (coordinator)
Welcome email sent to coordinator@test.com
New user created: other_coordinator (coordinator)
Welcome email sent to other@test.com
New user created: admin (admin)
Welcome email sent to admin@test.com
New user created: coordinator (coordinator)
Welcome email sent to coordinator@test.com
New user created: other_coordinator (coordinator)
Welcome email sent to other@test.com
New user created: admin (admin)
Welcome email sent to admin@test.com
New user created: coordinator (coordinator)
Welcome email sent to coordinator@test.com
New user created: other_coordinator (coordinator)
Welcome email sent to other@test.com
New user created: admin (admin)
Welcome email sent to admin@test.com
New user created: coordinator (coordinator)
Welcome email sent to coordinator@test.com
New user created: other_coordinator (coordinator)
Welcome email sent to other@test.com
New user created: coordinator (coordinator)
Welcome email sent to coordinator@test.com
New user created: admin (admin)
Welcome email sent to admin@test.com
New user created: coordinator (coordinator)
Welcome email sent to coordinator@test.com
New user created: admin (admin)
Welcome email sent to admin@test.com
New user created: coordinator (coordinator)
Welcome email sent to coordinator@test.com
New user created: admin (admin)
Welcome email sent to admin@test.com
New user created: coordinator (coordinator)
Welcome email sent to coordinator@test.com
New user created: admin (admin)
Welcome email sent to admin@test.com
New user created: admin (admin)
Welcome email sent to admin@test.com
New user created: coordinator (coordinator)
Welcome email sent to coordinator@test.com
New user created: admin (admin)
Welcome email sent to admin@test.com
New user created: coordinator (coordinator)
Welcome email sent to coordinator@test.com
New user created: admin (admin)
Welcome email sent to admin@test.com
New user created: coordinator (coordinator)
Welcome email sent to coordinator@test.com
New user created: coordinator (coordinator)
Welcome email sent to coordinator@test.com
New user created: coordinator (coordinator)
Welcome email sent to coordinator@test.com
New user created: coordinator (coordinator)
Welcome email sent to coordinator@test.com
New user created: simple_coord (coordinator)
New user created: simple_coord (coordinator)
New user created: simple_coord (coordinator)
New user created: bulk_coord (coordinator)
New user created: bulk_coord (coordinator)
New user created: simple_coord (coordinator)
New user created: simple_coord (coordinator)
New user created: simple_coord (coordinator)
New user created: coordinator (coordinator)
Welcome email sent to coordinator@test.com
New user created: admin (admin)
Welcome email sent to admin@test.com
Internal Server Error: /api/tickets/bulk_create/
Traceback (most recent call last):
  File "/Users/koded/Desktop/Code/rccg-r63-teens/backend/.venv/lib/python3.11/site-packages/django_redis/cache.py", line 29, in _decorator
    return method(self, *args, **kwargs)
           ^^^^^^^^^^^^^^^^^^^^^^^^^^^^^
  File "/Users/koded/Desktop/Code/rccg-r63-teens/backend/.venv/lib/python3.11/site-packages/django_redis/cache.py", line 99, in _get
    return self.client.get(key, default=default, version=version, client=client)
           ^^^^^^^^^^^^^^^^^^^^^^^^^^^^^^^^^^^^^^^^^^^^^^^^^^^^^^^^^^^^^^^^^^^^^
  File "/Users/koded/Desktop/Code/rccg-r63-teens/backend/.venv/lib/python3.11/site-packages/django_redis/client/default.py", line 260, in get
    raise ConnectionInterrupted(connection=client) from e
django_redis.exceptions.ConnectionInterrupted: Redis ConnectionError: Error 61 connecting to localhost:6379. Connection refused.

During handling of the above exception, another exception occurred:

Traceback (most recent call last):
  File "/Users/koded/Desktop/Code/rccg-r63-teens/backend/.venv/lib/python3.11/site-packages/django/core/handlers/exception.py", line 55, in inner
    response = get_response(request)
               ^^^^^^^^^^^^^^^^^^^^^
  File "/Users/koded/Desktop/Code/rccg-r63-teens/backend/.venv/lib/python3.11/site-packages/django/core/handlers/base.py", line 197, in _get_response
    response = wrapped_callback(request, *callback_args, **callback_kwargs)
               ^^^^^^^^^^^^^^^^^^^^^^^^^^^^^^^^^^^^^^^^^^^^^^^^^^^^^^^^^^^^
  File "/Users/koded/Desktop/Code/rccg-r63-teens/backend/.venv/lib/python3.11/site-packages/django/views/decorators/csrf.py", line 65, in _view_wrapper
    return view_func(request, *args, **kwargs)
           ^^^^^^^^^^^^^^^^^^^^^^^^^^^^^^^^^^^
  File "/Users/koded/Desktop/Code/rccg-r63-teens/backend/.venv/lib/python3.11/site-packages/rest_framework/viewsets.py", line 125, in view
    return self.dispatch(request, *args, **kwargs)
           ^^^^^^^^^^^^^^^^^^^^^^^^^^^^^^^^^^^^^^^
  File "/Users/koded/Desktop/Code/rccg-r63-teens/backend/.venv/lib/python3.11/site-packages/rest_framework/views.py", line 515, in dispatch
    response = self.handle_exception(exc)
               ^^^^^^^^^^^^^^^^^^^^^^^^^^
  File "/Users/koded/Desktop/Code/rccg-r63-teens/backend/.venv/lib/python3.11/site-packages/rest_framework/views.py", line 475, in handle_exception
    self.raise_uncaught_exception(exc)
  File "/Users/koded/Desktop/Code/rccg-r63-teens/backend/.venv/lib/python3.11/site-packages/rest_framework/views.py", line 486, in raise_uncaught_exception
    raise exc
  File "/Users/koded/Desktop/Code/rccg-r63-teens/backend/.venv/lib/python3.11/site-packages/rest_framework/views.py", line 503, in dispatch
    self.initial(request, *args, **kwargs)
  File "/Users/koded/Desktop/Code/rccg-r63-teens/backend/.venv/lib/python3.11/site-packages/rest_framework/views.py", line 422, in initial
    self.check_throttles(request)
  File "/Users/koded/Desktop/Code/rccg-r63-teens/backend/.venv/lib/python3.11/site-packages/rest_framework/views.py", line 365, in check_throttles
    if not throttle.allow_request(request, self):
           ^^^^^^^^^^^^^^^^^^^^^^^^^^^^^^^^^^^^^
  File "/Users/koded/Desktop/Code/rccg-r63-teens/backend/.venv/lib/python3.11/site-packages/rest_framework/throttling.py", line 123, in allow_request
    self.history = self.cache.get(self.key, [])
                   ^^^^^^^^^^^^^^^^^^^^^^^^^^^^
  File "/Users/koded/Desktop/Code/rccg-r63-teens/backend/.venv/lib/python3.11/site-packages/django_redis/cache.py", line 92, in get
    value = self._get(key, default, version, client)
            ^^^^^^^^^^^^^^^^^^^^^^^^^^^^^^^^^^^^^^^^
  File "/Users/koded/Desktop/Code/rccg-r63-teens/backend/.venv/lib/python3.11/site-packages/django_redis/cache.py", line 36, in _decorator
    raise e.__cause__
  File "/Users/koded/Desktop/Code/rccg-r63-teens/backend/.venv/lib/python3.11/site-packages/django_redis/client/default.py", line 258, in get
    value = client.get(key)
            ^^^^^^^^^^^^^^^
  File "/Users/koded/Desktop/Code/rccg-r63-teens/backend/.venv/lib/python3.11/site-packages/redis/commands/core.py", line 1830, in get
    return self.execute_command("GET", name)
           ^^^^^^^^^^^^^^^^^^^^^^^^^^^^^^^^^
  File "/Users/koded/Desktop/Code/rccg-r63-teens/backend/.venv/lib/python3.11/site-packages/redis/client.py", line 542, in execute_command
    conn = self.connection or pool.get_connection(command_name, **options)
                              ^^^^^^^^^^^^^^^^^^^^^^^^^^^^^^^^^^^^^^^^^^^^
  File "/Users/koded/Desktop/Code/rccg-r63-teens/backend/.venv/lib/python3.11/site-packages/redis/connection.py", line 1109, in get_connection
    connection.connect()
  File "/Users/koded/Desktop/Code/rccg-r63-teens/backend/.venv/lib/python3.11/site-packages/redis/connection.py", line 282, in connect
    raise ConnectionError(self._error_message(e))
redis.exceptions.ConnectionError: Error 61 connecting to localhost:6379. Connection refused.
New user created: bulk_coord (coordinator)
New user created: simple_coord (coordinator)
New user created: simple_coord (coordinator)
New user created: simple_coord (coordinator)
New user created: coordinator (coordinator)
Welcome email sent to coordinator@test.com
New user created: admin (admin)
Welcome email sent to admin@test.com
Forbidden: /api/tickets/bulk_create/
New user created: coordinator (coordinator)
Welcome email sent to coordinator@test.com
New user created: admin (admin)
Welcome email sent to admin@test.com
Bad Request: /api/tickets/bulk_create/
New user created: coordinator (coordinator)
Welcome email sent to coordinator@test.com
New user created: admin (admin)
Welcome email sent to admin@test.com
Bad Request: /api/tickets/bulk_create/
New user created: coordinator (coordinator)
Welcome email sent to coordinator@test.com
New user created: admin (admin)
Welcome email sent to admin@test.com
New user created: coordinator (coordinator)
Welcome email sent to coordinator@test.com
New user created: coordinator (coordinator)
Welcome email sent to coordinator@test.com
New user created: coordinator (coordinator)
Welcome email sent to coordinator@test.com
New user created: admin (admin)
Welcome email sent to admin@test.com
New user created: coordinator (coordinator)
Welcome email sent to coordinator@test.com
New user created: admin (admin)
Welcome email sent to admin@test.com
New user created: coordinator (coordinator)
Welcome email sent to coordinator@test.com
New user created: admin (admin)
Welcome email sent to admin@test.com
New user created: coordinator (coordinator)
Welcome email sent to coordinator@test.com
Unauthorized: /api/dashboard/
New user created: admin (admin)
Welcome email sent to admin@test.com
New user created: coordinator (coordinator)
Welcome email sent to coordinator@test.com
New user created: admin (admin)
Welcome email sent to admin@test.com
New user created: coordinator (coordinator)
Welcome email sent to coordinator@test.com
New user created: coordinator (coordinator)
Welcome email sent to coordinator@test.com
New user created: coordinator (coordinator)
Welcome email sent to coordinator@test.com
New user created: coordinator (coordinator)
Welcome email sent to coordinator@test.com
New user created: admin (admin)
Welcome email sent to admin@test.com
New user created: coordinator (coordinator)
Welcome email sent to coordinator@test.com
New user created: other_coordinator (coordinator)
Welcome email sent to other@test.com
New user created: admin (admin)
Welcome email sent to admin@test.com
New user created: coordinator (coordinator)
Welcome email sent to coordinator@test.com
New user created: other_coordinator (coordinator)
Welcome email sent to other@test.com
Bad Request: /api/tickets/
New user created: admin (admin)
Welcome email sent to admin@test.com
New user created: coordinator (coordinator)
Welcome email sent to coordinator@test.com
New user created: other_coordinator (coordinator)
Welcome email sent to other@test.com
New user created: admin (admin)
Welcome email sent to admin@test.com
New user created: coordinator (coordinator)
Welcome email sent to coordinator@test.com
New user created: other_coordinator (coordinator)
Welcome email sent to other@test.com
New user created: admin (admin)
Welcome email sent to admin@test.com
New user created: coordinator (coordinator)
Welcome email sent to coordinator@test.com
New user created: other_coordinator (coordinator)
Welcome email sent to other@test.com
New user created: admin (admin)
Welcome email sent to admin@test.com
New user created: coordinator (coordinator)
Welcome email sent to coordinator@test.com
New user created: other_coordinator (coordinator)
Welcome email sent to other@test.com
Not Found: /api/tickets/2/
New user created: admin (admin)
Welcome email sent to admin@test.com
New user created: coordinator (coordinator)
Welcome email sent to coordinator@test.com
New user created: other_coordinator (coordinator)
Welcome email sent to other@test.com
New user created: admin (admin)
Welcome email sent to admin@test.com
New user created: coordinator (coordinator)
Welcome email sent to coordinator@test.com
New user created: other_coordinator (coordinator)
Welcome email sent to other@test.com
New user created: admin (admin)
Welcome email sent to admin@test.com
New user created: coordinator (coordinator)
Welcome email sent to coordinator@test.com
New user created: other_coordinator (coordinator)
Welcome email sent to other@test.com
New user created: admin (admin)
Welcome email sent to admin@test.com
New user created: coordinator (coordinator)
Welcome email sent to coordinator@test.com
New user created: other_coordinator (coordinator)
Welcome email sent to other@test.com
Not Found: /api/tickets/2/update_status/
New user created: admin (admin)
Welcome email sent to admin@test.com
New user created: coordinator (coordinator)
Welcome email sent to coordinator@test.com
New user created: other_coordinator (coordinator)
Welcome email sent to other@test.com
New user created: admin (admin)
Welcome email sent to admin@test.com
New user created: coordinator (coordinator)
Welcome email sent to coordinator@test.com
New user created: other_coordinator (coordinator)
Welcome email sent to other@test.com
New user created: admin (admin)
Welcome email sent to admin@test.com
New user created: coordinator (coordinator)
Welcome email sent to coordinator@test.com
New user created: admin (admin)
Welcome email sent to admin@test.com
New user created: coordinator (coordinator)
Welcome email sent to coordinator@test.com
New user created: admin (admin)
Welcome email sent to admin@test.com
New user created: coordinator (coordinator)
Welcome email sent to coordinator@test.com
New user created: admin (admin)
Welcome email sent to admin@test.com
New user created: coordinator (coordinator)
Welcome email sent to coordinator@test.com
New user created: admin (admin)
Welcome email sent to admin@test.com
New user created: coordinator (coordinator)
Welcome email sent to coordinator@test.com
New user created: admin (admin)
Welcome email sent to admin@test.com
New user created: coordinator (coordinator)
Welcome email sent to coordinator@test.com
New user created: coordinator (coordinator)
Welcome email sent to coordinator@test.com
New user created: admin (admin)
Welcome email sent to admin@test.com
New user created: coordinator (coordinator)
Welcome email sent to coordinator@test.com
New user created: admin (admin)
Welcome email sent to admin@test.com
New user created: coordinator (coordinator)
Welcome email sent to coordinator@test.com
New user created: admin (admin)
Welcome email sent to admin@test.com
New user created: bulk_coord (coordinator)
New user created: simple_coord (coordinator)
New user created: simple_coord (coordinator)
New user created: simple_coord (coordinator)
New user created: bulk_coord (coordinator)
New user created: simple_coord (coordinator)
New user created: simple_coord (coordinator)
New user created: simple_coord (coordinator)
New user created: coordinator (coordinator)
Welcome email sent to coordinator@test.com
New user created: admin (admin)
Welcome email sent to admin@test.com
Forbidden: /api/tickets/bulk_create/
New user created: coordinator (coordinator)
Welcome email sent to coordinator@test.com
New user created: admin (admin)
Welcome email sent to admin@test.com
New user created: coordinator (coordinator)
Welcome email sent to coordinator@test.com
New user created: admin (admin)
Welcome email sent to admin@test.com
Bad Request: /api/tickets/bulk_create/
New user created: coordinator (coordinator)
Welcome email sent to coordinator@test.com
New user created: admin (admin)
Welcome email sent to admin@test.com
New user created: coordinator (coordinator)
Welcome email sent to coordinator@test.com
New user created: coordinator (coordinator)
Welcome email sent to coordinator@test.com
New user created: coordinator (coordinator)
Welcome email sent to coordinator@test.com
New user created: admin (admin)
Welcome email sent to admin@test.com
New user created: coordinator (coordinator)
Welcome email sent to coordinator@test.com
New user created: admin (admin)
Welcome email sent to admin@test.com
New user created: coordinator (coordinator)
Welcome email sent to coordinator@test.com
New user created: admin (admin)
Welcome email sent to admin@test.com
New user created: coordinator (coordinator)
Welcome email sent to coordinator@test.com
Unauthorized: /api/dashboard/
New user created: admin (admin)
Welcome email sent to admin@test.com
New user created: coordinator (coordinator)
Welcome email sent to coordinator@test.com
New user created: admin (admin)
Welcome email sent to admin@test.com
New user created: coordinator (coordinator)
Welcome email sent to coordinator@test.com
New user created: coordinator (coordinator)
Welcome email sent to coordinator@test.com
New user created: coordinator (coordinator)
Welcome email sent to coordinator@test.com
New user created: coordinator (coordinator)
Welcome email sent to coordinator@test.com
New user created: admin (admin)
Welcome email sent to admin@test.com
New user created: coordinator (coordinator)
Welcome email sent to coordinator@test.com
New user created: other_coordinator (coordinator)
Welcome email sent to other@test.com
New user created: admin (admin)
Welcome email sent to admin@test.com
New user created: coordinator (coordinator)
Welcome email sent to coordinator@test.com
New user created: other_coordinator (coordinator)
Welcome email sent to other@test.com
Bad Request: /api/tickets/
New user created: admin (admin)
Welcome email sent to admin@test.com
New user created: coordinator (coordinator)
Welcome email sent to coordinator@test.com
New user created: other_coordinator (coordinator)
Welcome email sent to other@test.com
New user created: admin (admin)
Welcome email sent to admin@test.com
New user created: coordinator (coordinator)
Welcome email sent to coordinator@test.com
New user created: other_coordinator (coordinator)
Welcome email sent to other@test.com
New user created: admin (admin)
Welcome email sent to admin@test.com
New user created: coordinator (coordinator)
Welcome email sent to coordinator@test.com
New user created: other_coordinator (coordinator)
Welcome email sent to other@test.com
New user created: admin (admin)
Welcome email sent to admin@test.com
New user created: coordinator (coordinator)
Welcome email sent to coordinator@test.com
New user created: other_coordinator (coordinator)
Welcome email sent to other@test.com
Not Found: /api/tickets/2/
New user created: admin (admin)
Welcome email sent to admin@test.com
New user created: coordinator (coordinator)
Welcome email sent to coordinator@test.com
New user created: other_coordinator (coordinator)
Welcome email sent to other@test.com
New user created: admin (admin)
Welcome email sent to admin@test.com
New user created: coordinator (coordinator)
Welcome email sent to coordinator@test.com
New user created: other_coordinator (coordinator)
Welcome email sent to other@test.com
New user created: admin (admin)
Welcome email sent to admin@test.com
New user created: coordinator (coordinator)
Welcome email sent to coordinator@test.com
New user created: other_coordinator (coordinator)
Welcome email sent to other@test.com
New user created: admin (admin)
Welcome email sent to admin@test.com
New user created: coordinator (coordinator)
Welcome email sent to coordinator@test.com
New user created: other_coordinator (coordinator)
Welcome email sent to other@test.com
Not Found: /api/tickets/2/update_status/
New user created: admin (admin)
Welcome email sent to admin@test.com
New user created: coordinator (coordinator)
Welcome email sent to coordinator@test.com
New user created: other_coordinator (coordinator)
Welcome email sent to other@test.com
New user created: admin (admin)
Welcome email sent to admin@test.com
New user created: coordinator (coordinator)
Welcome email sent to coordinator@test.com
New user created: other_coordinator (coordinator)
Welcome email sent to other@test.com
New user created: admin (admin)
Welcome email sent to admin@test.com
New user created: coordinator (coordinator)
Welcome email sent to coordinator@test.com
New user created: admin (admin)
Welcome email sent to admin@test.com
New user created: coordinator (coordinator)
Welcome email sent to coordinator@test.com
New user created: admin (admin)
Welcome email sent to admin@test.com
New user created: coordinator (coordinator)
Welcome email sent to coordinator@test.com
New user created: admin (admin)
Welcome email sent to admin@test.com
New user created: coordinator (coordinator)
Welcome email sent to coordinator@test.com
New user created: admin (admin)
Welcome email sent to admin@test.com
New user created: coordinator (coordinator)
Welcome email sent to coordinator@test.com
New user created: admin (admin)
Welcome email sent to admin@test.com
New user created: coordinator (coordinator)
Welcome email sent to coordinator@test.com
New user created: coordinator (coordinator)
Welcome email sent to coordinator@test.com
New user created: admin (admin)
Welcome email sent to admin@test.com
New user created: coordinator (coordinator)
Welcome email sent to coordinator@test.com
New user created: admin (admin)
Welcome email sent to admin@test.com
New user created: coordinator (coordinator)
Welcome email sent to coordinator@test.com
New user created: admin (admin)
Welcome email sent to admin@test.com
New user created: coordinator (coordinator)
New user created: admin (admin)
New user created: coordinator (coordinator)
New user created: admin (admin)
New user created: coordinator (coordinator)
New user created: admin (admin)
New user created: coordinator (coordinator)
New user created: admin (admin)
New user created: coordinator (coordinator)
New user created: admin (admin)
New user created: coordinator (coordinator)
New user created: admin (admin)
New user created: coordinator (coordinator)
New user created: admin (admin)
New user created: coordinator (coordinator)
New user created: admin (admin)
Internal Server Error: /api/tickets/
Traceback (most recent call last):
  File "/Users/koded/Desktop/Code/rccg-r63-teens/backend/.venv/lib/python3.11/site-packages/django_redis/cache.py", line 29, in _decorator
    return method(self, *args, **kwargs)
           ^^^^^^^^^^^^^^^^^^^^^^^^^^^^^
  File "/Users/koded/Desktop/Code/rccg-r63-teens/backend/.venv/lib/python3.11/site-packages/django_redis/cache.py", line 99, in _get
    return self.client.get(key, default=default, version=version, client=client)
           ^^^^^^^^^^^^^^^^^^^^^^^^^^^^^^^^^^^^^^^^^^^^^^^^^^^^^^^^^^^^^^^^^^^^^
  File "/Users/koded/Desktop/Code/rccg-r63-teens/backend/.venv/lib/python3.11/site-packages/django_redis/client/default.py", line 260, in get
    raise ConnectionInterrupted(connection=client) from e
django_redis.exceptions.ConnectionInterrupted: Redis ConnectionError: Error 61 connecting to localhost:6379. Connection refused.

During handling of the above exception, another exception occurred:

Traceback (most recent call last):
  File "/Users/koded/Desktop/Code/rccg-r63-teens/backend/.venv/lib/python3.11/site-packages/django/core/handlers/exception.py", line 55, in inner
    response = get_response(request)
               ^^^^^^^^^^^^^^^^^^^^^
  File "/Users/koded/Desktop/Code/rccg-r63-teens/backend/.venv/lib/python3.11/site-packages/django/core/handlers/base.py", line 197, in _get_response
    response = wrapped_callback(request, *callback_args, **callback_kwargs)
               ^^^^^^^^^^^^^^^^^^^^^^^^^^^^^^^^^^^^^^^^^^^^^^^^^^^^^^^^^^^^
  File "/Users/koded/Desktop/Code/rccg-r63-teens/backend/.venv/lib/python3.11/site-packages/django/views/decorators/csrf.py", line 65, in _view_wrapper
    return view_func(request, *args, **kwargs)
           ^^^^^^^^^^^^^^^^^^^^^^^^^^^^^^^^^^^
  File "/Users/koded/Desktop/Code/rccg-r63-teens/backend/.venv/lib/python3.11/site-packages/rest_framework/viewsets.py", line 125, in view
    return self.dispatch(request, *args, **kwargs)
           ^^^^^^^^^^^^^^^^^^^^^^^^^^^^^^^^^^^^^^^
  File "/Users/koded/Desktop/Code/rccg-r63-teens/backend/.venv/lib/python3.11/site-packages/rest_framework/views.py", line 515, in dispatch
    response = self.handle_exception(exc)
               ^^^^^^^^^^^^^^^^^^^^^^^^^^
  File "/Users/koded/Desktop/Code/rccg-r63-teens/backend/.venv/lib/python3.11/site-packages/rest_framework/views.py", line 475, in handle_exception
    self.raise_uncaught_exception(exc)
  File "/Users/koded/Desktop/Code/rccg-r63-teens/backend/.venv/lib/python3.11/site-packages/rest_framework/views.py", line 486, in raise_uncaught_exception
    raise exc
  File "/Users/koded/Desktop/Code/rccg-r63-teens/backend/.venv/lib/python3.11/site-packages/rest_framework/views.py", line 503, in dispatch
    self.initial(request, *args, **kwargs)
  File "/Users/koded/Desktop/Code/rccg-r63-teens/backend/.venv/lib/python3.11/site-packages/rest_framework/views.py", line 422, in initial
    self.check_throttles(request)
  File "/Users/koded/Desktop/Code/rccg-r63-teens/backend/.venv/lib/python3.11/site-packages/rest_framework/views.py", line 365, in check_throttles
    if not throttle.allow_request(request, self):
           ^^^^^^^^^^^^^^^^^^^^^^^^^^^^^^^^^^^^^
  File "/Users/koded/Desktop/Code/rccg-r63-teens/backend/.venv/lib/python3.11/site-packages/rest_framework/throttling.py", line 123, in allow_request
    self.history = self.cache.get(self.key, [])
                   ^^^^^^^^^^^^^^^^^^^^^^^^^^^^
  File "/Users/koded/Desktop/Code/rccg-r63-teens/backend/.venv/lib/python3.11/site-packages/django_redis/cache.py", line 92, in get
    value = self._get(key, default, version, client)
            ^^^^^^^^^^^^^^^^^^^^^^^^^^^^^^^^^^^^^^^^
  File "/Users/koded/Desktop/Code/rccg-r63-teens/backend/.venv/lib/python3.11/site-packages/django_redis/cache.py", line 36, in _decorator
    raise e.__cause__
  File "/Users/koded/Desktop/Code/rccg-r63-teens/backend/.venv/lib/python3.11/site-packages/django_redis/client/default.py", line 258, in get
    value = client.get(key)
            ^^^^^^^^^^^^^^^
  File "/Users/koded/Desktop/Code/rccg-r63-teens/backend/.venv/lib/python3.11/site-packages/redis/commands/core.py", line 1830, in get
    return self.execute_command("GET", name)
           ^^^^^^^^^^^^^^^^^^^^^^^^^^^^^^^^^
  File "/Users/koded/Desktop/Code/rccg-r63-teens/backend/.venv/lib/python3.11/site-packages/redis/client.py", line 542, in execute_command
    conn = self.connection or pool.get_connection(command_name, **options)
                              ^^^^^^^^^^^^^^^^^^^^^^^^^^^^^^^^^^^^^^^^^^^^
  File "/Users/koded/Desktop/Code/rccg-r63-teens/backend/.venv/lib/python3.11/site-packages/redis/connection.py", line 1109, in get_connection
    connection.connect()
  File "/Users/koded/Desktop/Code/rccg-r63-teens/backend/.venv/lib/python3.11/site-packages/redis/connection.py", line 282, in connect
    raise ConnectionError(self._error_message(e))
redis.exceptions.ConnectionError: Error 61 connecting to localhost:6379. Connection refused.
New user created: coordinator (coordinator)
New user created: admin (admin)
New user created: coordinator (coordinator)
New user created: admin (admin)
New user created: coordinator (coordinator)
New user created: admin (admin)
New user created: coordinator (coordinator)
New user created: admin (admin)
Internal Server Error: /api/tickets/
Traceback (most recent call last):
  File "/Users/koded/Desktop/Code/rccg-r63-teens/backend/.venv/lib/python3.11/site-packages/django_redis/cache.py", line 29, in _decorator
    return method(self, *args, **kwargs)
           ^^^^^^^^^^^^^^^^^^^^^^^^^^^^^
  File "/Users/koded/Desktop/Code/rccg-r63-teens/backend/.venv/lib/python3.11/site-packages/django_redis/cache.py", line 99, in _get
    return self.client.get(key, default=default, version=version, client=client)
           ^^^^^^^^^^^^^^^^^^^^^^^^^^^^^^^^^^^^^^^^^^^^^^^^^^^^^^^^^^^^^^^^^^^^^
  File "/Users/koded/Desktop/Code/rccg-r63-teens/backend/.venv/lib/python3.11/site-packages/django_redis/client/default.py", line 260, in get
    raise ConnectionInterrupted(connection=client) from e
django_redis.exceptions.ConnectionInterrupted: Redis ConnectionError: Error 61 connecting to localhost:6379. Connection refused.

During handling of the above exception, another exception occurred:

Traceback (most recent call last):
  File "/Users/koded/Desktop/Code/rccg-r63-teens/backend/.venv/lib/python3.11/site-packages/django/core/handlers/exception.py", line 55, in inner
    response = get_response(request)
               ^^^^^^^^^^^^^^^^^^^^^
  File "/Users/koded/Desktop/Code/rccg-r63-teens/backend/.venv/lib/python3.11/site-packages/django/core/handlers/base.py", line 197, in _get_response
    response = wrapped_callback(request, *callback_args, **callback_kwargs)
               ^^^^^^^^^^^^^^^^^^^^^^^^^^^^^^^^^^^^^^^^^^^^^^^^^^^^^^^^^^^^
  File "/Users/koded/Desktop/Code/rccg-r63-teens/backend/.venv/lib/python3.11/site-packages/django/views/decorators/csrf.py", line 65, in _view_wrapper
    return view_func(request, *args, **kwargs)
           ^^^^^^^^^^^^^^^^^^^^^^^^^^^^^^^^^^^
  File "/Users/koded/Desktop/Code/rccg-r63-teens/backend/.venv/lib/python3.11/site-packages/rest_framework/viewsets.py", line 125, in view
    return self.dispatch(request, *args, **kwargs)
           ^^^^^^^^^^^^^^^^^^^^^^^^^^^^^^^^^^^^^^^
  File "/Users/koded/Desktop/Code/rccg-r63-teens/backend/.venv/lib/python3.11/site-packages/rest_framework/views.py", line 515, in dispatch
    response = self.handle_exception(exc)
               ^^^^^^^^^^^^^^^^^^^^^^^^^^
  File "/Users/koded/Desktop/Code/rccg-r63-teens/backend/.venv/lib/python3.11/site-packages/rest_framework/views.py", line 475, in handle_exception
    self.raise_uncaught_exception(exc)
  File "/Users/koded/Desktop/Code/rccg-r63-teens/backend/.venv/lib/python3.11/site-packages/rest_framework/views.py", line 486, in raise_uncaught_exception
    raise exc
  File "/Users/koded/Desktop/Code/rccg-r63-teens/backend/.venv/lib/python3.11/site-packages/rest_framework/views.py", line 503, in dispatch
    self.initial(request, *args, **kwargs)
  File "/Users/koded/Desktop/Code/rccg-r63-teens/backend/.venv/lib/python3.11/site-packages/rest_framework/views.py", line 422, in initial
    self.check_throttles(request)
  File "/Users/koded/Desktop/Code/rccg-r63-teens/backend/.venv/lib/python3.11/site-packages/rest_framework/views.py", line 365, in check_throttles
    if not throttle.allow_request(request, self):
           ^^^^^^^^^^^^^^^^^^^^^^^^^^^^^^^^^^^^^
  File "/Users/koded/Desktop/Code/rccg-r63-teens/backend/.venv/lib/python3.11/site-packages/rest_framework/throttling.py", line 123, in allow_request
    self.history = self.cache.get(self.key, [])
                   ^^^^^^^^^^^^^^^^^^^^^^^^^^^^
  File "/Users/koded/Desktop/Code/rccg-r63-teens/backend/.venv/lib/python3.11/site-packages/django_redis/cache.py", line 92, in get
    value = self._get(key, default, version, client)
            ^^^^^^^^^^^^^^^^^^^^^^^^^^^^^^^^^^^^^^^^
  File "/Users/koded/Desktop/Code/rccg-r63-teens/backend/.venv/lib/python3.11/site-packages/django_redis/cache.py", line 36, in _decorator
    raise e.__cause__
  File "/Users/koded/Desktop/Code/rccg-r63-teens/backend/.venv/lib/python3.11/site-packages/django_redis/client/default.py", line 258, in get
    value = client.get(key)
            ^^^^^^^^^^^^^^^
  File "/Users/koded/Desktop/Code/rccg-r63-teens/backend/.venv/lib/python3.11/site-packages/redis/commands/core.py", line 1830, in get
    return self.execute_command("GET", name)
           ^^^^^^^^^^^^^^^^^^^^^^^^^^^^^^^^^
  File "/Users/koded/Desktop/Code/rccg-r63-teens/backend/.venv/lib/python3.11/site-packages/redis/client.py", line 542, in execute_command
    conn = self.connection or pool.get_connection(command_name, **options)
                              ^^^^^^^^^^^^^^^^^^^^^^^^^^^^^^^^^^^^^^^^^^^^
  File "/Users/koded/Desktop/Code/rccg-r63-teens/backend/.venv/lib/python3.11/site-packages/redis/connection.py", line 1109, in get_connection
    connection.connect()
  File "/Users/koded/Desktop/Code/rccg-r63-teens/backend/.venv/lib/python3.11/site-packages/redis/connection.py", line 282, in connect
    raise ConnectionError(self._error_message(e))
redis.exceptions.ConnectionError: Error 61 connecting to localhost:6379. Connection refused.
New user created: coordinator (coordinator)
New user created: admin (admin)
New user created: coordinator (coordinator)
New user created: admin (admin)
New user created: coordinator (coordinator)
New user created: admin (admin)
New user created: coordinator (coordinator)
New user created: admin (admin)
New user created: bulk_coord (coordinator)
New user created: simple_coord (coordinator)
New user created: simple_coord (coordinator)
New user created: simple_coord (coordinator)
New user created: coordinator (coordinator)
Welcome email sent to coordinator@test.com
New user created: admin (admin)
Welcome email sent to admin@test.com
Forbidden: /api/tickets/bulk_create/
New user created: coordinator (coordinator)
Welcome email sent to coordinator@test.com
New user created: admin (admin)
Welcome email sent to admin@test.com
New user created: coordinator (coordinator)
Welcome email sent to coordinator@test.com
New user created: admin (admin)
Welcome email sent to admin@test.com
Bad Request: /api/tickets/bulk_create/
New user created: coordinator (coordinator)
Welcome email sent to coordinator@test.com
New user created: admin (admin)
Welcome email sent to admin@test.com
New user created: coordinator (coordinator)
Welcome email sent to coordinator@test.com
New user created: coordinator (coordinator)
Welcome email sent to coordinator@test.com
New user created: coordinator (coordinator)
Welcome email sent to coordinator@test.com
New user created: admin (admin)
Welcome email sent to admin@test.com
New user created: coordinator (coordinator)
Welcome email sent to coordinator@test.com
New user created: admin (admin)
Welcome email sent to admin@test.com
New user created: coordinator (coordinator)
Welcome email sent to coordinator@test.com
New user created: admin (admin)
Welcome email sent to admin@test.com
New user created: coordinator (coordinator)
Welcome email sent to coordinator@test.com
Unauthorized: /api/dashboard/
New user created: admin (admin)
Welcome email sent to admin@test.com
New user created: coordinator (coordinator)
Welcome email sent to coordinator@test.com
New user created: admin (admin)
Welcome email sent to admin@test.com
New user created: coordinator (coordinator)
Welcome email sent to coordinator@test.com
New user created: coordinator (coordinator)
Welcome email sent to coordinator@test.com
New user created: coordinator (coordinator)
Welcome email sent to coordinator@test.com
New user created: coordinator (coordinator)
Welcome email sent to coordinator@test.com
New user created: admin (admin)
Welcome email sent to admin@test.com
New user created: coordinator (coordinator)
Welcome email sent to coordinator@test.com
New user created: other_coordinator (coordinator)
Welcome email sent to other@test.com
New user created: admin (admin)
Welcome email sent to admin@test.com
New user created: coordinator (coordinator)
Welcome email sent to coordinator@test.com
New user created: other_coordinator (coordinator)
Welcome email sent to other@test.com
Bad Request: /api/tickets/
New user created: admin (admin)
Welcome email sent to admin@test.com
New user created: coordinator (coordinator)
Welcome email sent to coordinator@test.com
New user created: other_coordinator (coordinator)
Welcome email sent to other@test.com
New user created: admin (admin)
Welcome email sent to admin@test.com
New user created: coordinator (coordinator)
Welcome email sent to coordinator@test.com
New user created: other_coordinator (coordinator)
Welcome email sent to other@test.com
New user created: admin (admin)
Welcome email sent to admin@test.com
New user created: coordinator (coordinator)
Welcome email sent to coordinator@test.com
New user created: other_coordinator (coordinator)
Welcome email sent to other@test.com
New user created: admin (admin)
Welcome email sent to admin@test.com
New user created: coordinator (coordinator)
Welcome email sent to coordinator@test.com
New user created: other_coordinator (coordinator)
Welcome email sent to other@test.com
Not Found: /api/tickets/2/
New user created: admin (admin)
Welcome email sent to admin@test.com
New user created: coordinator (coordinator)
Welcome email sent to coordinator@test.com
New user created: other_coordinator (coordinator)
Welcome email sent to other@test.com
New user created: admin (admin)
Welcome email sent to admin@test.com
New user created: coordinator (coordinator)
Welcome email sent to coordinator@test.com
New user created: other_coordinator (coordinator)
Welcome email sent to other@test.com
New user created: admin (admin)
Welcome email sent to admin@test.com
New user created: coordinator (coordinator)
Welcome email sent to coordinator@test.com
New user created: other_coordinator (coordinator)
Welcome email sent to other@test.com
New user created: admin (admin)
Welcome email sent to admin@test.com
New user created: coordinator (coordinator)
Welcome email sent to coordinator@test.com
New user created: other_coordinator (coordinator)
Welcome email sent to other@test.com
Not Found: /api/tickets/2/update_status/
New user created: admin (admin)
Welcome email sent to admin@test.com
New user created: coordinator (coordinator)
Welcome email sent to coordinator@test.com
New user created: other_coordinator (coordinator)
Welcome email sent to other@test.com
New user created: admin (admin)
Welcome email sent to admin@test.com
New user created: coordinator (coordinator)
Welcome email sent to coordinator@test.com
New user created: other_coordinator (coordinator)
Welcome email sent to other@test.com
New user created: admin (admin)
Welcome email sent to admin@test.com
New user created: coordinator (coordinator)
Welcome email sent to coordinator@test.com
New user created: admin (admin)
Welcome email sent to admin@test.com
New user created: coordinator (coordinator)
Welcome email sent to coordinator@test.com
New user created: admin (admin)
Welcome email sent to admin@test.com
New user created: coordinator (coordinator)
Welcome email sent to coordinator@test.com
New user created: admin (admin)
Welcome email sent to admin@test.com
New user created: coordinator (coordinator)
Welcome email sent to coordinator@test.com
New user created: admin (admin)
Welcome email sent to admin@test.com
New user created: coordinator (coordinator)
Welcome email sent to coordinator@test.com
New user created: admin (admin)
Welcome email sent to admin@test.com
New user created: coordinator (coordinator)
Welcome email sent to coordinator@test.com
New user created: coordinator (coordinator)
Welcome email sent to coordinator@test.com
New user created: admin (admin)
Welcome email sent to admin@test.com
New user created: coordinator (coordinator)
Welcome email sent to coordinator@test.com
New user created: admin (admin)
Welcome email sent to admin@test.com
New user created: coordinator (coordinator)
Welcome email sent to coordinator@test.com
New user created: admin (admin)
Welcome email sent to admin@test.com
New user created: coordinator (coordinator)
New user created: admin (admin)
New user created: coordinator (coordinator)
New user created: admin (admin)
New user created: coordinator (coordinator)
New user created: admin (admin)
New user created: coordinator (coordinator)
New user created: admin (admin)
Internal Server Error: /api/tickets/
Traceback (most recent call last):
  File "/Users/koded/Desktop/Code/rccg-r63-teens/backend/.venv/lib/python3.11/site-packages/django_redis/cache.py", line 29, in _decorator
    return method(self, *args, **kwargs)
           ^^^^^^^^^^^^^^^^^^^^^^^^^^^^^
  File "/Users/koded/Desktop/Code/rccg-r63-teens/backend/.venv/lib/python3.11/site-packages/django_redis/cache.py", line 99, in _get
    return self.client.get(key, default=default, version=version, client=client)
           ^^^^^^^^^^^^^^^^^^^^^^^^^^^^^^^^^^^^^^^^^^^^^^^^^^^^^^^^^^^^^^^^^^^^^
  File "/Users/koded/Desktop/Code/rccg-r63-teens/backend/.venv/lib/python3.11/site-packages/django_redis/client/default.py", line 260, in get
    raise ConnectionInterrupted(connection=client) from e
django_redis.exceptions.ConnectionInterrupted: Redis ConnectionError: Error 61 connecting to localhost:6379. Connection refused.

During handling of the above exception, another exception occurred:

Traceback (most recent call last):
  File "/Users/koded/Desktop/Code/rccg-r63-teens/backend/.venv/lib/python3.11/site-packages/django/core/handlers/exception.py", line 55, in inner
    response = get_response(request)
               ^^^^^^^^^^^^^^^^^^^^^
  File "/Users/koded/Desktop/Code/rccg-r63-teens/backend/.venv/lib/python3.11/site-packages/django/core/handlers/base.py", line 197, in _get_response
    response = wrapped_callback(request, *callback_args, **callback_kwargs)
               ^^^^^^^^^^^^^^^^^^^^^^^^^^^^^^^^^^^^^^^^^^^^^^^^^^^^^^^^^^^^
  File "/Users/koded/Desktop/Code/rccg-r63-teens/backend/.venv/lib/python3.11/site-packages/django/views/decorators/csrf.py", line 65, in _view_wrapper
    return view_func(request, *args, **kwargs)
           ^^^^^^^^^^^^^^^^^^^^^^^^^^^^^^^^^^^
  File "/Users/koded/Desktop/Code/rccg-r63-teens/backend/.venv/lib/python3.11/site-packages/rest_framework/viewsets.py", line 125, in view
    return self.dispatch(request, *args, **kwargs)
           ^^^^^^^^^^^^^^^^^^^^^^^^^^^^^^^^^^^^^^^
  File "/Users/koded/Desktop/Code/rccg-r63-teens/backend/.venv/lib/python3.11/site-packages/rest_framework/views.py", line 515, in dispatch
    response = self.handle_exception(exc)
               ^^^^^^^^^^^^^^^^^^^^^^^^^^
  File "/Users/koded/Desktop/Code/rccg-r63-teens/backend/.venv/lib/python3.11/site-packages/rest_framework/views.py", line 475, in handle_exception
    self.raise_uncaught_exception(exc)
  File "/Users/koded/Desktop/Code/rccg-r63-teens/backend/.venv/lib/python3.11/site-packages/rest_framework/views.py", line 486, in raise_uncaught_exception
    raise exc
  File "/Users/koded/Desktop/Code/rccg-r63-teens/backend/.venv/lib/python3.11/site-packages/rest_framework/views.py", line 503, in dispatch
    self.initial(request, *args, **kwargs)
  File "/Users/koded/Desktop/Code/rccg-r63-teens/backend/.venv/lib/python3.11/site-packages/rest_framework/views.py", line 422, in initial
    self.check_throttles(request)
  File "/Users/koded/Desktop/Code/rccg-r63-teens/backend/.venv/lib/python3.11/site-packages/rest_framework/views.py", line 365, in check_throttles
    if not throttle.allow_request(request, self):
           ^^^^^^^^^^^^^^^^^^^^^^^^^^^^^^^^^^^^^
  File "/Users/koded/Desktop/Code/rccg-r63-teens/backend/.venv/lib/python3.11/site-packages/rest_framework/throttling.py", line 123, in allow_request
    self.history = self.cache.get(self.key, [])
                   ^^^^^^^^^^^^^^^^^^^^^^^^^^^^
  File "/Users/koded/Desktop/Code/rccg-r63-teens/backend/.venv/lib/python3.11/site-packages/django_redis/cache.py", line 92, in get
    value = self._get(key, default, version, client)
            ^^^^^^^^^^^^^^^^^^^^^^^^^^^^^^^^^^^^^^^^
  File "/Users/koded/Desktop/Code/rccg-r63-teens/backend/.venv/lib/python3.11/site-packages/django_redis/cache.py", line 36, in _decorator
    raise e.__cause__
  File "/Users/koded/Desktop/Code/rccg-r63-teens/backend/.venv/lib/python3.11/site-packages/django_redis/client/default.py", line 258, in get
    value = client.get(key)
            ^^^^^^^^^^^^^^^
  File "/Users/koded/Desktop/Code/rccg-r63-teens/backend/.venv/lib/python3.11/site-packages/redis/commands/core.py", line 1830, in get
    return self.execute_command("GET", name)
           ^^^^^^^^^^^^^^^^^^^^^^^^^^^^^^^^^
  File "/Users/koded/Desktop/Code/rccg-r63-teens/backend/.venv/lib/python3.11/site-packages/redis/client.py", line 542, in execute_command
    conn = self.connection or pool.get_connection(command_name, **options)
                              ^^^^^^^^^^^^^^^^^^^^^^^^^^^^^^^^^^^^^^^^^^^^
  File "/Users/koded/Desktop/Code/rccg-r63-teens/backend/.venv/lib/python3.11/site-packages/redis/connection.py", line 1109, in get_connection
    connection.connect()
  File "/Users/koded/Desktop/Code/rccg-r63-teens/backend/.venv/lib/python3.11/site-packages/redis/connection.py", line 282, in connect
    raise ConnectionError(self._error_message(e))
redis.exceptions.ConnectionError: Error 61 connecting to localhost:6379. Connection refused.
Internal Server Error: /api/tickets/
Traceback (most recent call last):
  File "/Users/koded/Desktop/Code/rccg-r63-teens/backend/.venv/lib/python3.11/site-packages/django/core/handlers/exception.py", line 55, in inner
    response = get_response(request)
               ^^^^^^^^^^^^^^^^^^^^^
  File "/Users/koded/Desktop/Code/rccg-r63-teens/backend/.venv/lib/python3.11/site-packages/django/core/handlers/base.py", line 197, in _get_response
    response = wrapped_callback(request, *callback_args, **callback_kwargs)
               ^^^^^^^^^^^^^^^^^^^^^^^^^^^^^^^^^^^^^^^^^^^^^^^^^^^^^^^^^^^^
  File "/Users/koded/Desktop/Code/rccg-r63-teens/backend/.venv/lib/python3.11/site-packages/django/views/decorators/csrf.py", line 65, in _view_wrapper
    return view_func(request, *args, **kwargs)
           ^^^^^^^^^^^^^^^^^^^^^^^^^^^^^^^^^^^
  File "/Users/koded/Desktop/Code/rccg-r63-teens/backend/.venv/lib/python3.11/site-packages/rest_framework/viewsets.py", line 125, in view
    return self.dispatch(request, *args, **kwargs)
           ^^^^^^^^^^^^^^^^^^^^^^^^^^^^^^^^^^^^^^^
  File "/Users/koded/Desktop/Code/rccg-r63-teens/backend/.venv/lib/python3.11/site-packages/rest_framework/views.py", line 515, in dispatch
    response = self.handle_exception(exc)
               ^^^^^^^^^^^^^^^^^^^^^^^^^^
  File "/Users/koded/Desktop/Code/rccg-r63-teens/backend/.venv/lib/python3.11/site-packages/rest_framework/views.py", line 475, in handle_exception
    self.raise_uncaught_exception(exc)
  File "/Users/koded/Desktop/Code/rccg-r63-teens/backend/.venv/lib/python3.11/site-packages/rest_framework/views.py", line 486, in raise_uncaught_exception
    raise exc
  File "/Users/koded/Desktop/Code/rccg-r63-teens/backend/.venv/lib/python3.11/site-packages/rest_framework/views.py", line 512, in dispatch
    response = handler(request, *args, **kwargs)
               ^^^^^^^^^^^^^^^^^^^^^^^^^^^^^^^^^
  File "/Users/koded/Desktop/Code/rccg-r63-teens/backend/.venv/lib/python3.11/site-packages/rest_framework/mixins.py", line 19, in create
    self.perform_create(serializer)
  File "/Users/koded/Desktop/Code/rccg-r63-teens/backend/tickets/views.py", line 84, in perform_create
    TicketAuditLog.objects.create(
  File "/Users/koded/Desktop/Code/rccg-r63-teens/backend/.venv/lib/python3.11/site-packages/django/db/models/manager.py", line 87, in manager_method
    return getattr(self.get_queryset(), name)(*args, **kwargs)
           ^^^^^^^^^^^^^^^^^^^^^^^^^^^^^^^^^^^^^^^^^^^^^^^^^^^
  File "/Users/koded/Desktop/Code/rccg-r63-teens/backend/.venv/lib/python3.11/site-packages/django/db/models/query.py", line 665, in create
    obj.save(force_insert=True, using=self.db)
  File "/Users/koded/Desktop/Code/rccg-r63-teens/backend/.venv/lib/python3.11/site-packages/django/db/models/base.py", line 902, in save
    self.save_base(
  File "/Users/koded/Desktop/Code/rccg-r63-teens/backend/.venv/lib/python3.11/site-packages/django/db/models/base.py", line 1008, in save_base
    updated = self._save_table(
              ^^^^^^^^^^^^^^^^^
  File "/Users/koded/Desktop/Code/rccg-r63-teens/backend/.venv/lib/python3.11/site-packages/django/db/models/base.py", line 1169, in _save_table
    results = self._do_insert(
              ^^^^^^^^^^^^^^^^
  File "/Users/koded/Desktop/Code/rccg-r63-teens/backend/.venv/lib/python3.11/site-packages/django/db/models/base.py", line 1210, in _do_insert
    return manager._insert(
           ^^^^^^^^^^^^^^^^
  File "/Users/koded/Desktop/Code/rccg-r63-teens/backend/.venv/lib/python3.11/site-packages/django/db/models/manager.py", line 87, in manager_method
    return getattr(self.get_queryset(), name)(*args, **kwargs)
           ^^^^^^^^^^^^^^^^^^^^^^^^^^^^^^^^^^^^^^^^^^^^^^^^^^^
  File "/Users/koded/Desktop/Code/rccg-r63-teens/backend/.venv/lib/python3.11/site-packages/django/db/models/query.py", line 1873, in _insert
    return query.get_compiler(using=using).execute_sql(returning_fields)
           ^^^^^^^^^^^^^^^^^^^^^^^^^^^^^^^^^^^^^^^^^^^^^^^^^^^^^^^^^^^^^
  File "/Users/koded/Desktop/Code/rccg-r63-teens/backend/.venv/lib/python3.11/site-packages/django/db/models/sql/compiler.py", line 1881, in execute_sql
    for sql, params in self.as_sql():
                       ^^^^^^^^^^^^^
  File "/Users/koded/Desktop/Code/rccg-r63-teens/backend/.venv/lib/python3.11/site-packages/django/db/models/sql/compiler.py", line 1804, in as_sql
    value_rows = [
                 ^
  File "/Users/koded/Desktop/Code/rccg-r63-teens/backend/.venv/lib/python3.11/site-packages/django/db/models/sql/compiler.py", line 1805, in <listcomp>
    [
  File "/Users/koded/Desktop/Code/rccg-r63-teens/backend/.venv/lib/python3.11/site-packages/django/db/models/sql/compiler.py", line 1806, in <listcomp>
    self.prepare_value(field, self.pre_save_val(field, obj))
  File "/Users/koded/Desktop/Code/rccg-r63-teens/backend/.venv/lib/python3.11/site-packages/django/db/models/sql/compiler.py", line 1741, in prepare_value
    return field.get_db_prep_save(value, connection=self.connection)
           ^^^^^^^^^^^^^^^^^^^^^^^^^^^^^^^^^^^^^^^^^^^^^^^^^^^^^^^^^
  File "/Users/koded/Desktop/Code/rccg-r63-teens/backend/.venv/lib/python3.11/site-packages/django/db/models/fields/json.py", line 118, in get_db_prep_save
    return super().get_db_prep_save(value, connection)
           ^^^^^^^^^^^^^^^^^^^^^^^^^^^^^^^^^^^^^^^^^^^
  File "/Users/koded/Desktop/Code/rccg-r63-teens/backend/.venv/lib/python3.11/site-packages/django/db/models/fields/__init__.py", line 1012, in get_db_prep_save
    return self.get_db_prep_value(value, connection=connection, prepared=False)
           ^^^^^^^^^^^^^^^^^^^^^^^^^^^^^^^^^^^^^^^^^^^^^^^^^^^^^^^^^^^^^^^^^^^^
  File "/Users/koded/Desktop/Code/rccg-r63-teens/backend/.venv/lib/python3.11/site-packages/django/db/models/fields/json.py", line 102, in get_db_prep_value
    return connection.ops.adapt_json_value(value, self.encoder)
           ^^^^^^^^^^^^^^^^^^^^^^^^^^^^^^^^^^^^^^^^^^^^^^^^^^^^
  File "/Users/koded/Desktop/Code/rccg-r63-teens/backend/.venv/lib/python3.11/site-packages/django/db/backends/base/operations.py", line 598, in adapt_json_value
    return json.dumps(value, cls=encoder)
           ^^^^^^^^^^^^^^^^^^^^^^^^^^^^^^
  File "/Library/Frameworks/Python.framework/Versions/3.11/lib/python3.11/json/__init__.py", line 231, in dumps
    return _default_encoder.encode(obj)
           ^^^^^^^^^^^^^^^^^^^^^^^^^^^^
  File "/Library/Frameworks/Python.framework/Versions/3.11/lib/python3.11/json/encoder.py", line 200, in encode
    chunks = self.iterencode(o, _one_shot=True)
             ^^^^^^^^^^^^^^^^^^^^^^^^^^^^^^^^^^
  File "/Library/Frameworks/Python.framework/Versions/3.11/lib/python3.11/json/encoder.py", line 258, in iterencode
    return _iterencode(o, 0)
           ^^^^^^^^^^^^^^^^^
  File "/Library/Frameworks/Python.framework/Versions/3.11/lib/python3.11/json/encoder.py", line 180, in default
    raise TypeError(f'Object of type {o.__class__.__name__} '
TypeError: Object of type UUID is not JSON serializable
Internal Server Error: /api/dashboard/
Traceback (most recent call last):
  File "/Users/koded/Desktop/Code/rccg-r63-teens/backend/.venv/lib/python3.11/site-packages/django/core/handlers/exception.py", line 55, in inner
    response = get_response(request)
               ^^^^^^^^^^^^^^^^^^^^^
  File "/Users/koded/Desktop/Code/rccg-r63-teens/backend/.venv/lib/python3.11/site-packages/django/core/handlers/base.py", line 197, in _get_response
    response = wrapped_callback(request, *callback_args, **callback_kwargs)
               ^^^^^^^^^^^^^^^^^^^^^^^^^^^^^^^^^^^^^^^^^^^^^^^^^^^^^^^^^^^^
  File "/Users/koded/Desktop/Code/rccg-r63-teens/backend/.venv/lib/python3.11/site-packages/django/views/decorators/csrf.py", line 65, in _view_wrapper
    return view_func(request, *args, **kwargs)
           ^^^^^^^^^^^^^^^^^^^^^^^^^^^^^^^^^^^
  File "/Users/koded/Desktop/Code/rccg-r63-teens/backend/.venv/lib/python3.11/site-packages/django/views/generic/base.py", line 105, in view
    return self.dispatch(request, *args, **kwargs)
           ^^^^^^^^^^^^^^^^^^^^^^^^^^^^^^^^^^^^^^^
  File "/Users/koded/Desktop/Code/rccg-r63-teens/backend/.venv/lib/python3.11/site-packages/rest_framework/views.py", line 515, in dispatch
    response = self.handle_exception(exc)
               ^^^^^^^^^^^^^^^^^^^^^^^^^^
  File "/Users/koded/Desktop/Code/rccg-r63-teens/backend/.venv/lib/python3.11/site-packages/rest_framework/views.py", line 475, in handle_exception
    self.raise_uncaught_exception(exc)
  File "/Users/koded/Desktop/Code/rccg-r63-teens/backend/.venv/lib/python3.11/site-packages/rest_framework/views.py", line 486, in raise_uncaught_exception
    raise exc
  File "/Users/koded/Desktop/Code/rccg-r63-teens/backend/.venv/lib/python3.11/site-packages/rest_framework/views.py", line 512, in dispatch
    response = handler(request, *args, **kwargs)
               ^^^^^^^^^^^^^^^^^^^^^^^^^^^^^^^^^
  File "/Users/koded/Desktop/Code/rccg-r63-teens/backend/tickets/views.py", line 348, in get
    if user.role == User.Role.COORDINATOR:
                    ^^^^
NameError: name 'User' is not defined
Internal Server Error: /api/tickets/
Traceback (most recent call last):
  File "/Users/koded/Desktop/Code/rccg-r63-teens/backend/.venv/lib/python3.11/site-packages/django/core/handlers/exception.py", line 55, in inner
    response = get_response(request)
               ^^^^^^^^^^^^^^^^^^^^^
  File "/Users/koded/Desktop/Code/rccg-r63-teens/backend/.venv/lib/python3.11/site-packages/django/core/handlers/base.py", line 197, in _get_response
    response = wrapped_callback(request, *callback_args, **callback_kwargs)
               ^^^^^^^^^^^^^^^^^^^^^^^^^^^^^^^^^^^^^^^^^^^^^^^^^^^^^^^^^^^^
  File "/Users/koded/Desktop/Code/rccg-r63-teens/backend/.venv/lib/python3.11/site-packages/django/views/decorators/csrf.py", line 65, in _view_wrapper
    return view_func(request, *args, **kwargs)
           ^^^^^^^^^^^^^^^^^^^^^^^^^^^^^^^^^^^
  File "/Users/koded/Desktop/Code/rccg-r63-teens/backend/.venv/lib/python3.11/site-packages/rest_framework/viewsets.py", line 125, in view
    return self.dispatch(request, *args, **kwargs)
           ^^^^^^^^^^^^^^^^^^^^^^^^^^^^^^^^^^^^^^^
  File "/Users/koded/Desktop/Code/rccg-r63-teens/backend/.venv/lib/python3.11/site-packages/rest_framework/views.py", line 515, in dispatch
    response = self.handle_exception(exc)
               ^^^^^^^^^^^^^^^^^^^^^^^^^^
  File "/Users/koded/Desktop/Code/rccg-r63-teens/backend/.venv/lib/python3.11/site-packages/rest_framework/views.py", line 475, in handle_exception
    self.raise_uncaught_exception(exc)
  File "/Users/koded/Desktop/Code/rccg-r63-teens/backend/.venv/lib/python3.11/site-packages/rest_framework/views.py", line 486, in raise_uncaught_exception
    raise exc
  File "/Users/koded/Desktop/Code/rccg-r63-teens/backend/.venv/lib/python3.11/site-packages/rest_framework/views.py", line 512, in dispatch
    response = handler(request, *args, **kwargs)
               ^^^^^^^^^^^^^^^^^^^^^^^^^^^^^^^^^
  File "/Users/koded/Desktop/Code/rccg-r63-teens/backend/.venv/lib/python3.11/site-packages/rest_framework/mixins.py", line 38, in list
    queryset = self.filter_queryset(self.get_queryset())
                                    ^^^^^^^^^^^^^^^^^^^
  File "/Users/koded/Desktop/Code/rccg-r63-teens/backend/tickets/views.py", line 71, in get_queryset
    if user.role == User.Role.COORDINATOR:
                    ^^^^
NameError: name 'User' is not defined
Unauthorized: /api/auth/login/
Internal Server Error: /api/tickets/
Traceback (most recent call last):
  File "/Users/koded/Desktop/Code/rccg-r63-teens/backend/.venv/lib/python3.11/site-packages/django/core/handlers/exception.py", line 55, in inner
    response = get_response(request)
               ^^^^^^^^^^^^^^^^^^^^^
  File "/Users/koded/Desktop/Code/rccg-r63-teens/backend/.venv/lib/python3.11/site-packages/django/core/handlers/base.py", line 197, in _get_response
    response = wrapped_callback(request, *callback_args, **callback_kwargs)
               ^^^^^^^^^^^^^^^^^^^^^^^^^^^^^^^^^^^^^^^^^^^^^^^^^^^^^^^^^^^^
  File "/Users/koded/Desktop/Code/rccg-r63-teens/backend/.venv/lib/python3.11/site-packages/django/views/decorators/csrf.py", line 65, in _view_wrapper
    return view_func(request, *args, **kwargs)
           ^^^^^^^^^^^^^^^^^^^^^^^^^^^^^^^^^^^
  File "/Users/koded/Desktop/Code/rccg-r63-teens/backend/.venv/lib/python3.11/site-packages/rest_framework/viewsets.py", line 125, in view
    return self.dispatch(request, *args, **kwargs)
           ^^^^^^^^^^^^^^^^^^^^^^^^^^^^^^^^^^^^^^^
  File "/Users/koded/Desktop/Code/rccg-r63-teens/backend/.venv/lib/python3.11/site-packages/rest_framework/views.py", line 515, in dispatch
    response = self.handle_exception(exc)
               ^^^^^^^^^^^^^^^^^^^^^^^^^^
  File "/Users/koded/Desktop/Code/rccg-r63-teens/backend/.venv/lib/python3.11/site-packages/rest_framework/views.py", line 475, in handle_exception
    self.raise_uncaught_exception(exc)
  File "/Users/koded/Desktop/Code/rccg-r63-teens/backend/.venv/lib/python3.11/site-packages/rest_framework/views.py", line 486, in raise_uncaught_exception
    raise exc
  File "/Users/koded/Desktop/Code/rccg-r63-teens/backend/.venv/lib/python3.11/site-packages/rest_framework/views.py", line 512, in dispatch
    response = handler(request, *args, **kwargs)
               ^^^^^^^^^^^^^^^^^^^^^^^^^^^^^^^^^
  File "/Users/koded/Desktop/Code/rccg-r63-teens/backend/.venv/lib/python3.11/site-packages/rest_framework/mixins.py", line 19, in create
    self.perform_create(serializer)
  File "/Users/koded/Desktop/Code/rccg-r63-teens/backend/tickets/views.py", line 84, in perform_create
    TicketAuditLog.objects.create(
  File "/Users/koded/Desktop/Code/rccg-r63-teens/backend/.venv/lib/python3.11/site-packages/django/db/models/manager.py", line 87, in manager_method
    return getattr(self.get_queryset(), name)(*args, **kwargs)
           ^^^^^^^^^^^^^^^^^^^^^^^^^^^^^^^^^^^^^^^^^^^^^^^^^^^
  File "/Users/koded/Desktop/Code/rccg-r63-teens/backend/.venv/lib/python3.11/site-packages/django/db/models/query.py", line 665, in create
    obj.save(force_insert=True, using=self.db)
  File "/Users/koded/Desktop/Code/rccg-r63-teens/backend/.venv/lib/python3.11/site-packages/django/db/models/base.py", line 902, in save
    self.save_base(
  File "/Users/koded/Desktop/Code/rccg-r63-teens/backend/.venv/lib/python3.11/site-packages/django/db/models/base.py", line 1008, in save_base
    updated = self._save_table(
              ^^^^^^^^^^^^^^^^^
  File "/Users/koded/Desktop/Code/rccg-r63-teens/backend/.venv/lib/python3.11/site-packages/django/db/models/base.py", line 1169, in _save_table
    results = self._do_insert(
              ^^^^^^^^^^^^^^^^
  File "/Users/koded/Desktop/Code/rccg-r63-teens/backend/.venv/lib/python3.11/site-packages/django/db/models/base.py", line 1210, in _do_insert
    return manager._insert(
           ^^^^^^^^^^^^^^^^
  File "/Users/koded/Desktop/Code/rccg-r63-teens/backend/.venv/lib/python3.11/site-packages/django/db/models/manager.py", line 87, in manager_method
    return getattr(self.get_queryset(), name)(*args, **kwargs)
           ^^^^^^^^^^^^^^^^^^^^^^^^^^^^^^^^^^^^^^^^^^^^^^^^^^^
  File "/Users/koded/Desktop/Code/rccg-r63-teens/backend/.venv/lib/python3.11/site-packages/django/db/models/query.py", line 1873, in _insert
    return query.get_compiler(using=using).execute_sql(returning_fields)
           ^^^^^^^^^^^^^^^^^^^^^^^^^^^^^^^^^^^^^^^^^^^^^^^^^^^^^^^^^^^^^
  File "/Users/koded/Desktop/Code/rccg-r63-teens/backend/.venv/lib/python3.11/site-packages/django/db/models/sql/compiler.py", line 1881, in execute_sql
    for sql, params in self.as_sql():
                       ^^^^^^^^^^^^^
  File "/Users/koded/Desktop/Code/rccg-r63-teens/backend/.venv/lib/python3.11/site-packages/django/db/models/sql/compiler.py", line 1804, in as_sql
    value_rows = [
                 ^
  File "/Users/koded/Desktop/Code/rccg-r63-teens/backend/.venv/lib/python3.11/site-packages/django/db/models/sql/compiler.py", line 1805, in <listcomp>
    [
  File "/Users/koded/Desktop/Code/rccg-r63-teens/backend/.venv/lib/python3.11/site-packages/django/db/models/sql/compiler.py", line 1806, in <listcomp>
    self.prepare_value(field, self.pre_save_val(field, obj))
  File "/Users/koded/Desktop/Code/rccg-r63-teens/backend/.venv/lib/python3.11/site-packages/django/db/models/sql/compiler.py", line 1741, in prepare_value
    return field.get_db_prep_save(value, connection=self.connection)
           ^^^^^^^^^^^^^^^^^^^^^^^^^^^^^^^^^^^^^^^^^^^^^^^^^^^^^^^^^
  File "/Users/koded/Desktop/Code/rccg-r63-teens/backend/.venv/lib/python3.11/site-packages/django/db/models/fields/json.py", line 118, in get_db_prep_save
    return super().get_db_prep_save(value, connection)
           ^^^^^^^^^^^^^^^^^^^^^^^^^^^^^^^^^^^^^^^^^^^
  File "/Users/koded/Desktop/Code/rccg-r63-teens/backend/.venv/lib/python3.11/site-packages/django/db/models/fields/__init__.py", line 1012, in get_db_prep_save
    return self.get_db_prep_value(value, connection=connection, prepared=False)
           ^^^^^^^^^^^^^^^^^^^^^^^^^^^^^^^^^^^^^^^^^^^^^^^^^^^^^^^^^^^^^^^^^^^^
  File "/Users/koded/Desktop/Code/rccg-r63-teens/backend/.venv/lib/python3.11/site-packages/django/db/models/fields/json.py", line 102, in get_db_prep_value
    return connection.ops.adapt_json_value(value, self.encoder)
           ^^^^^^^^^^^^^^^^^^^^^^^^^^^^^^^^^^^^^^^^^^^^^^^^^^^^
  File "/Users/koded/Desktop/Code/rccg-r63-teens/backend/.venv/lib/python3.11/site-packages/django/db/backends/base/operations.py", line 598, in adapt_json_value
    return json.dumps(value, cls=encoder)
           ^^^^^^^^^^^^^^^^^^^^^^^^^^^^^^
  File "/Library/Frameworks/Python.framework/Versions/3.11/lib/python3.11/json/__init__.py", line 231, in dumps
    return _default_encoder.encode(obj)
           ^^^^^^^^^^^^^^^^^^^^^^^^^^^^
  File "/Library/Frameworks/Python.framework/Versions/3.11/lib/python3.11/json/encoder.py", line 200, in encode
    chunks = self.iterencode(o, _one_shot=True)
             ^^^^^^^^^^^^^^^^^^^^^^^^^^^^^^^^^^
  File "/Library/Frameworks/Python.framework/Versions/3.11/lib/python3.11/json/encoder.py", line 258, in iterencode
    return _iterencode(o, 0)
           ^^^^^^^^^^^^^^^^^
  File "/Library/Frameworks/Python.framework/Versions/3.11/lib/python3.11/json/encoder.py", line 180, in default
    raise TypeError(f'Object of type {o.__class__.__name__} '
TypeError: Object of type UUID is not JSON serializable
Internal Server Error: /api/dashboard/
Traceback (most recent call last):
  File "/Users/koded/Desktop/Code/rccg-r63-teens/backend/.venv/lib/python3.11/site-packages/django/core/handlers/exception.py", line 55, in inner
    response = get_response(request)
               ^^^^^^^^^^^^^^^^^^^^^
  File "/Users/koded/Desktop/Code/rccg-r63-teens/backend/.venv/lib/python3.11/site-packages/django/core/handlers/base.py", line 197, in _get_response
    response = wrapped_callback(request, *callback_args, **callback_kwargs)
               ^^^^^^^^^^^^^^^^^^^^^^^^^^^^^^^^^^^^^^^^^^^^^^^^^^^^^^^^^^^^
  File "/Users/koded/Desktop/Code/rccg-r63-teens/backend/.venv/lib/python3.11/site-packages/django/views/decorators/csrf.py", line 65, in _view_wrapper
    return view_func(request, *args, **kwargs)
           ^^^^^^^^^^^^^^^^^^^^^^^^^^^^^^^^^^^
  File "/Users/koded/Desktop/Code/rccg-r63-teens/backend/.venv/lib/python3.11/site-packages/django/views/generic/base.py", line 105, in view
    return self.dispatch(request, *args, **kwargs)
           ^^^^^^^^^^^^^^^^^^^^^^^^^^^^^^^^^^^^^^^
  File "/Users/koded/Desktop/Code/rccg-r63-teens/backend/.venv/lib/python3.11/site-packages/rest_framework/views.py", line 515, in dispatch
    response = self.handle_exception(exc)
               ^^^^^^^^^^^^^^^^^^^^^^^^^^
  File "/Users/koded/Desktop/Code/rccg-r63-teens/backend/.venv/lib/python3.11/site-packages/rest_framework/views.py", line 475, in handle_exception
    self.raise_uncaught_exception(exc)
  File "/Users/koded/Desktop/Code/rccg-r63-teens/backend/.venv/lib/python3.11/site-packages/rest_framework/views.py", line 486, in raise_uncaught_exception
    raise exc
  File "/Users/koded/Desktop/Code/rccg-r63-teens/backend/.venv/lib/python3.11/site-packages/rest_framework/views.py", line 512, in dispatch
    response = handler(request, *args, **kwargs)
               ^^^^^^^^^^^^^^^^^^^^^^^^^^^^^^^^^
  File "/Users/koded/Desktop/Code/rccg-r63-teens/backend/tickets/views.py", line 348, in get
    if user.role == User.Role.COORDINATOR:
                    ^^^^
NameError: name 'User' is not defined
Internal Server Error: /api/tickets/
Traceback (most recent call last):
  File "/Users/koded/Desktop/Code/rccg-r63-teens/backend/.venv/lib/python3.11/site-packages/django/core/handlers/exception.py", line 55, in inner
    response = get_response(request)
               ^^^^^^^^^^^^^^^^^^^^^
  File "/Users/koded/Desktop/Code/rccg-r63-teens/backend/.venv/lib/python3.11/site-packages/django/core/handlers/base.py", line 197, in _get_response
    response = wrapped_callback(request, *callback_args, **callback_kwargs)
               ^^^^^^^^^^^^^^^^^^^^^^^^^^^^^^^^^^^^^^^^^^^^^^^^^^^^^^^^^^^^
  File "/Users/koded/Desktop/Code/rccg-r63-teens/backend/.venv/lib/python3.11/site-packages/django/views/decorators/csrf.py", line 65, in _view_wrapper
    return view_func(request, *args, **kwargs)
           ^^^^^^^^^^^^^^^^^^^^^^^^^^^^^^^^^^^
  File "/Users/koded/Desktop/Code/rccg-r63-teens/backend/.venv/lib/python3.11/site-packages/rest_framework/viewsets.py", line 125, in view
    return self.dispatch(request, *args, **kwargs)
           ^^^^^^^^^^^^^^^^^^^^^^^^^^^^^^^^^^^^^^^
  File "/Users/koded/Desktop/Code/rccg-r63-teens/backend/.venv/lib/python3.11/site-packages/rest_framework/views.py", line 515, in dispatch
    response = self.handle_exception(exc)
               ^^^^^^^^^^^^^^^^^^^^^^^^^^
  File "/Users/koded/Desktop/Code/rccg-r63-teens/backend/.venv/lib/python3.11/site-packages/rest_framework/views.py", line 475, in handle_exception
    self.raise_uncaught_exception(exc)
  File "/Users/koded/Desktop/Code/rccg-r63-teens/backend/.venv/lib/python3.11/site-packages/rest_framework/views.py", line 486, in raise_uncaught_exception
    raise exc
  File "/Users/koded/Desktop/Code/rccg-r63-teens/backend/.venv/lib/python3.11/site-packages/rest_framework/views.py", line 512, in dispatch
    response = handler(request, *args, **kwargs)
               ^^^^^^^^^^^^^^^^^^^^^^^^^^^^^^^^^
  File "/Users/koded/Desktop/Code/rccg-r63-teens/backend/.venv/lib/python3.11/site-packages/rest_framework/mixins.py", line 38, in list
    queryset = self.filter_queryset(self.get_queryset())
                                    ^^^^^^^^^^^^^^^^^^^
  File "/Users/koded/Desktop/Code/rccg-r63-teens/backend/tickets/views.py", line 71, in get_queryset
    if user.role == User.Role.COORDINATOR:
                    ^^^^
NameError: name 'User' is not defined
Internal Server Error: /api/tickets/516e5e29-585f-4b36-a67b-c3add58f1d2e/update-status/
Traceback (most recent call last):
  File "/Users/koded/Desktop/Code/rccg-r63-teens/backend/.venv/lib/python3.11/site-packages/django/core/handlers/exception.py", line 55, in inner
    response = get_response(request)
               ^^^^^^^^^^^^^^^^^^^^^
  File "/Users/koded/Desktop/Code/rccg-r63-teens/backend/.venv/lib/python3.11/site-packages/django/core/handlers/base.py", line 197, in _get_response
    response = wrapped_callback(request, *callback_args, **callback_kwargs)
               ^^^^^^^^^^^^^^^^^^^^^^^^^^^^^^^^^^^^^^^^^^^^^^^^^^^^^^^^^^^^
  File "/Users/koded/Desktop/Code/rccg-r63-teens/backend/.venv/lib/python3.11/site-packages/django/views/decorators/csrf.py", line 65, in _view_wrapper
    return view_func(request, *args, **kwargs)
           ^^^^^^^^^^^^^^^^^^^^^^^^^^^^^^^^^^^
  File "/Users/koded/Desktop/Code/rccg-r63-teens/backend/.venv/lib/python3.11/site-packages/rest_framework/viewsets.py", line 125, in view
    return self.dispatch(request, *args, **kwargs)
           ^^^^^^^^^^^^^^^^^^^^^^^^^^^^^^^^^^^^^^^
  File "/Users/koded/Desktop/Code/rccg-r63-teens/backend/.venv/lib/python3.11/site-packages/rest_framework/views.py", line 515, in dispatch
    response = self.handle_exception(exc)
               ^^^^^^^^^^^^^^^^^^^^^^^^^^
  File "/Users/koded/Desktop/Code/rccg-r63-teens/backend/.venv/lib/python3.11/site-packages/rest_framework/views.py", line 475, in handle_exception
    self.raise_uncaught_exception(exc)
  File "/Users/koded/Desktop/Code/rccg-r63-teens/backend/.venv/lib/python3.11/site-packages/rest_framework/views.py", line 486, in raise_uncaught_exception
    raise exc
  File "/Users/koded/Desktop/Code/rccg-r63-teens/backend/.venv/lib/python3.11/site-packages/rest_framework/views.py", line 512, in dispatch
    response = handler(request, *args, **kwargs)
               ^^^^^^^^^^^^^^^^^^^^^^^^^^^^^^^^^
  File "/Users/koded/Desktop/Code/rccg-r63-teens/backend/tickets/views.py", line 114, in update_status
    ticket = self.get_object()
             ^^^^^^^^^^^^^^^^^
  File "/Users/koded/Desktop/Code/rccg-r63-teens/backend/.venv/lib/python3.11/site-packages/rest_framework/generics.py", line 87, in get_object
    queryset = self.filter_queryset(self.get_queryset())
                                    ^^^^^^^^^^^^^^^^^^^
  File "/Users/koded/Desktop/Code/rccg-r63-teens/backend/tickets/views.py", line 71, in get_queryset
    if user.role == User.Role.COORDINATOR:
                    ^^^^
NameError: name 'User' is not defined
Internal Server Error: /api/tickets/
Traceback (most recent call last):
  File "/Users/koded/Desktop/Code/rccg-r63-teens/backend/.venv/lib/python3.11/site-packages/django/core/handlers/exception.py", line 55, in inner
    response = get_response(request)
               ^^^^^^^^^^^^^^^^^^^^^
  File "/Users/koded/Desktop/Code/rccg-r63-teens/backend/.venv/lib/python3.11/site-packages/django/core/handlers/base.py", line 197, in _get_response
    response = wrapped_callback(request, *callback_args, **callback_kwargs)
               ^^^^^^^^^^^^^^^^^^^^^^^^^^^^^^^^^^^^^^^^^^^^^^^^^^^^^^^^^^^^
  File "/Users/koded/Desktop/Code/rccg-r63-teens/backend/.venv/lib/python3.11/site-packages/django/views/decorators/csrf.py", line 65, in _view_wrapper
    return view_func(request, *args, **kwargs)
           ^^^^^^^^^^^^^^^^^^^^^^^^^^^^^^^^^^^
  File "/Users/koded/Desktop/Code/rccg-r63-teens/backend/.venv/lib/python3.11/site-packages/rest_framework/viewsets.py", line 125, in view
    return self.dispatch(request, *args, **kwargs)
           ^^^^^^^^^^^^^^^^^^^^^^^^^^^^^^^^^^^^^^^
  File "/Users/koded/Desktop/Code/rccg-r63-teens/backend/.venv/lib/python3.11/site-packages/rest_framework/views.py", line 515, in dispatch
    response = self.handle_exception(exc)
               ^^^^^^^^^^^^^^^^^^^^^^^^^^
  File "/Users/koded/Desktop/Code/rccg-r63-teens/backend/.venv/lib/python3.11/site-packages/rest_framework/views.py", line 475, in handle_exception
    self.raise_uncaught_exception(exc)
  File "/Users/koded/Desktop/Code/rccg-r63-teens/backend/.venv/lib/python3.11/site-packages/rest_framework/views.py", line 486, in raise_uncaught_exception
    raise exc
  File "/Users/koded/Desktop/Code/rccg-r63-teens/backend/.venv/lib/python3.11/site-packages/rest_framework/views.py", line 512, in dispatch
    response = handler(request, *args, **kwargs)
               ^^^^^^^^^^^^^^^^^^^^^^^^^^^^^^^^^
  File "/Users/koded/Desktop/Code/rccg-r63-teens/backend/.venv/lib/python3.11/site-packages/rest_framework/mixins.py", line 19, in create
    self.perform_create(serializer)
  File "/Users/koded/Desktop/Code/rccg-r63-teens/backend/tickets/views.py", line 86, in perform_create
    TicketAuditLog.objects.create(
  File "/Users/koded/Desktop/Code/rccg-r63-teens/backend/.venv/lib/python3.11/site-packages/django/db/models/manager.py", line 87, in manager_method
    return getattr(self.get_queryset(), name)(*args, **kwargs)
           ^^^^^^^^^^^^^^^^^^^^^^^^^^^^^^^^^^^^^^^^^^^^^^^^^^^
  File "/Users/koded/Desktop/Code/rccg-r63-teens/backend/.venv/lib/python3.11/site-packages/django/db/models/query.py", line 665, in create
    obj.save(force_insert=True, using=self.db)
  File "/Users/koded/Desktop/Code/rccg-r63-teens/backend/.venv/lib/python3.11/site-packages/django/db/models/base.py", line 902, in save
    self.save_base(
  File "/Users/koded/Desktop/Code/rccg-r63-teens/backend/.venv/lib/python3.11/site-packages/django/db/models/base.py", line 1008, in save_base
    updated = self._save_table(
              ^^^^^^^^^^^^^^^^^
  File "/Users/koded/Desktop/Code/rccg-r63-teens/backend/.venv/lib/python3.11/site-packages/django/db/models/base.py", line 1169, in _save_table
    results = self._do_insert(
              ^^^^^^^^^^^^^^^^
  File "/Users/koded/Desktop/Code/rccg-r63-teens/backend/.venv/lib/python3.11/site-packages/django/db/models/base.py", line 1210, in _do_insert
    return manager._insert(
           ^^^^^^^^^^^^^^^^
  File "/Users/koded/Desktop/Code/rccg-r63-teens/backend/.venv/lib/python3.11/site-packages/django/db/models/manager.py", line 87, in manager_method
    return getattr(self.get_queryset(), name)(*args, **kwargs)
           ^^^^^^^^^^^^^^^^^^^^^^^^^^^^^^^^^^^^^^^^^^^^^^^^^^^
  File "/Users/koded/Desktop/Code/rccg-r63-teens/backend/.venv/lib/python3.11/site-packages/django/db/models/query.py", line 1873, in _insert
    return query.get_compiler(using=using).execute_sql(returning_fields)
           ^^^^^^^^^^^^^^^^^^^^^^^^^^^^^^^^^^^^^^^^^^^^^^^^^^^^^^^^^^^^^
  File "/Users/koded/Desktop/Code/rccg-r63-teens/backend/.venv/lib/python3.11/site-packages/django/db/models/sql/compiler.py", line 1881, in execute_sql
    for sql, params in self.as_sql():
                       ^^^^^^^^^^^^^
  File "/Users/koded/Desktop/Code/rccg-r63-teens/backend/.venv/lib/python3.11/site-packages/django/db/models/sql/compiler.py", line 1804, in as_sql
    value_rows = [
                 ^
  File "/Users/koded/Desktop/Code/rccg-r63-teens/backend/.venv/lib/python3.11/site-packages/django/db/models/sql/compiler.py", line 1805, in <listcomp>
    [
  File "/Users/koded/Desktop/Code/rccg-r63-teens/backend/.venv/lib/python3.11/site-packages/django/db/models/sql/compiler.py", line 1806, in <listcomp>
    self.prepare_value(field, self.pre_save_val(field, obj))
  File "/Users/koded/Desktop/Code/rccg-r63-teens/backend/.venv/lib/python3.11/site-packages/django/db/models/sql/compiler.py", line 1741, in prepare_value
    return field.get_db_prep_save(value, connection=self.connection)
           ^^^^^^^^^^^^^^^^^^^^^^^^^^^^^^^^^^^^^^^^^^^^^^^^^^^^^^^^^
  File "/Users/koded/Desktop/Code/rccg-r63-teens/backend/.venv/lib/python3.11/site-packages/django/db/models/fields/json.py", line 118, in get_db_prep_save
    return super().get_db_prep_save(value, connection)
           ^^^^^^^^^^^^^^^^^^^^^^^^^^^^^^^^^^^^^^^^^^^
  File "/Users/koded/Desktop/Code/rccg-r63-teens/backend/.venv/lib/python3.11/site-packages/django/db/models/fields/__init__.py", line 1012, in get_db_prep_save
    return self.get_db_prep_value(value, connection=connection, prepared=False)
           ^^^^^^^^^^^^^^^^^^^^^^^^^^^^^^^^^^^^^^^^^^^^^^^^^^^^^^^^^^^^^^^^^^^^
  File "/Users/koded/Desktop/Code/rccg-r63-teens/backend/.venv/lib/python3.11/site-packages/django/db/models/fields/json.py", line 102, in get_db_prep_value
    return connection.ops.adapt_json_value(value, self.encoder)
           ^^^^^^^^^^^^^^^^^^^^^^^^^^^^^^^^^^^^^^^^^^^^^^^^^^^^
  File "/Users/koded/Desktop/Code/rccg-r63-teens/backend/.venv/lib/python3.11/site-packages/django/db/backends/base/operations.py", line 598, in adapt_json_value
    return json.dumps(value, cls=encoder)
           ^^^^^^^^^^^^^^^^^^^^^^^^^^^^^^
  File "/Library/Frameworks/Python.framework/Versions/3.11/lib/python3.11/json/__init__.py", line 231, in dumps
    return _default_encoder.encode(obj)
           ^^^^^^^^^^^^^^^^^^^^^^^^^^^^
  File "/Library/Frameworks/Python.framework/Versions/3.11/lib/python3.11/json/encoder.py", line 200, in encode
    chunks = self.iterencode(o, _one_shot=True)
             ^^^^^^^^^^^^^^^^^^^^^^^^^^^^^^^^^^
  File "/Library/Frameworks/Python.framework/Versions/3.11/lib/python3.11/json/encoder.py", line 258, in iterencode
    return _iterencode(o, 0)
           ^^^^^^^^^^^^^^^^^
  File "/Library/Frameworks/Python.framework/Versions/3.11/lib/python3.11/json/encoder.py", line 180, in default
    raise TypeError(f'Object of type {o.__class__.__name__} '
TypeError: Object of type UUID is not JSON serializable
Internal Server Error: /api/dashboard/
Traceback (most recent call last):
  File "/Users/koded/Desktop/Code/rccg-r63-teens/backend/.venv/lib/python3.11/site-packages/django/core/handlers/exception.py", line 55, in inner
    response = get_response(request)
               ^^^^^^^^^^^^^^^^^^^^^
  File "/Users/koded/Desktop/Code/rccg-r63-teens/backend/.venv/lib/python3.11/site-packages/django/core/handlers/base.py", line 197, in _get_response
    response = wrapped_callback(request, *callback_args, **callback_kwargs)
               ^^^^^^^^^^^^^^^^^^^^^^^^^^^^^^^^^^^^^^^^^^^^^^^^^^^^^^^^^^^^
  File "/Users/koded/Desktop/Code/rccg-r63-teens/backend/.venv/lib/python3.11/site-packages/django/views/decorators/csrf.py", line 65, in _view_wrapper
    return view_func(request, *args, **kwargs)
           ^^^^^^^^^^^^^^^^^^^^^^^^^^^^^^^^^^^
  File "/Users/koded/Desktop/Code/rccg-r63-teens/backend/.venv/lib/python3.11/site-packages/django/views/generic/base.py", line 105, in view
    return self.dispatch(request, *args, **kwargs)
           ^^^^^^^^^^^^^^^^^^^^^^^^^^^^^^^^^^^^^^^
  File "/Users/koded/Desktop/Code/rccg-r63-teens/backend/.venv/lib/python3.11/site-packages/rest_framework/views.py", line 515, in dispatch
    response = self.handle_exception(exc)
               ^^^^^^^^^^^^^^^^^^^^^^^^^^
  File "/Users/koded/Desktop/Code/rccg-r63-teens/backend/.venv/lib/python3.11/site-packages/rest_framework/views.py", line 475, in handle_exception
    self.raise_uncaught_exception(exc)
  File "/Users/koded/Desktop/Code/rccg-r63-teens/backend/.venv/lib/python3.11/site-packages/rest_framework/views.py", line 486, in raise_uncaught_exception
    raise exc
  File "/Users/koded/Desktop/Code/rccg-r63-teens/backend/.venv/lib/python3.11/site-packages/rest_framework/views.py", line 512, in dispatch
    response = handler(request, *args, **kwargs)
               ^^^^^^^^^^^^^^^^^^^^^^^^^^^^^^^^^
  File "/Users/koded/Desktop/Code/rccg-r63-teens/backend/tickets/views.py", line 412, in get
    return Response(serializer.data)
                    ^^^^^^^^^^^^^^^
  File "/Users/koded/Desktop/Code/rccg-r63-teens/backend/.venv/lib/python3.11/site-packages/rest_framework/serializers.py", line 573, in data
    ret = super().data
          ^^^^^^^^^^^^
  File "/Users/koded/Desktop/Code/rccg-r63-teens/backend/.venv/lib/python3.11/site-packages/rest_framework/serializers.py", line 251, in data
    self._data = self.to_representation(self.instance)
                 ^^^^^^^^^^^^^^^^^^^^^^^^^^^^^^^^^^^^^
  File "/Users/koded/Desktop/Code/rccg-r63-teens/backend/.venv/lib/python3.11/site-packages/rest_framework/serializers.py", line 540, in to_representation
    ret[field.field_name] = field.to_representation(attribute)
                            ^^^^^^^^^^^^^^^^^^^^^^^^^^^^^^^^^^
  File "/Users/koded/Desktop/Code/rccg-r63-teens/backend/.venv/lib/python3.11/site-packages/rest_framework/serializers.py", line 715, in to_representation
    return [
           ^
  File "/Users/koded/Desktop/Code/rccg-r63-teens/backend/.venv/lib/python3.11/site-packages/rest_framework/serializers.py", line 716, in <listcomp>
    self.child.to_representation(item) for item in iterable
    ^^^^^^^^^^^^^^^^^^^^^^^^^^^^^^^^^^
  File "/Users/koded/Desktop/Code/rccg-r63-teens/backend/.venv/lib/python3.11/site-packages/rest_framework/serializers.py", line 540, in to_representation
    ret[field.field_name] = field.to_representation(attribute)
                            ^^^^^^^^^^^^^^^^^^^^^^^^^^^^^^^^^^
  File "/Users/koded/Desktop/Code/rccg-r63-teens/backend/.venv/lib/python3.11/site-packages/rest_framework/relations.py", line 268, in to_representation
    return value.pk
           ^^^^^^^^
AttributeError: 'UUID' object has no attribute 'pk'
Unauthorized: /api/auth/login/
Unauthorized: /api/auth/login/
Watching for file changes with StatReloader
Forbidden: /api/payments/payment-plans/
Bad Request: /api/payments/payments/initialize/
Forbidden: /api/payments/dashboard/
Watching for file changes with StatReloader
Watching for file changes with StatReloader
Not Found: /
Not Found: /favicon.ico
Internal Server Error: /health
Traceback (most recent call last):
  File "/Users/koded/Desktop/Code/rccg-r63-teens/backend/.venv/lib/python3.11/site-packages/django/core/handlers/exception.py", line 55, in inner
    response = get_response(request)
               ^^^^^^^^^^^^^^^^^^^^^
  File "/Users/koded/Desktop/Code/rccg-r63-teens/backend/.venv/lib/python3.11/site-packages/django/utils/deprecation.py", line 122, in __call__
    response = self.process_response(request, response)
               ^^^^^^^^^^^^^^^^^^^^^^^^^^^^^^^^^^^^^^^^
  File "/Users/koded/Desktop/Code/rccg-r63-teens/backend/.venv/lib/python3.11/site-packages/django/middleware/clickjacking.py", line 34, in process_response
    response.headers["X-Frame-Options"] = self.get_xframe_options_value(
    ^^^^^^^^^^^^^^^^
AttributeError: 'dict' object has no attribute 'headers'
/Users/koded/Desktop/Code/rccg-r63-teens/backend/backend/urls.py changed, reloading.
Watching for file changes with StatReloader
Internal Server Error: /health
Traceback (most recent call last):
  File "/Users/koded/Desktop/Code/rccg-r63-teens/backend/.venv/lib/python3.11/site-packages/django/core/handlers/exception.py", line 55, in inner
    response = get_response(request)
               ^^^^^^^^^^^^^^^^^^^^^
  File "/Users/koded/Desktop/Code/rccg-r63-teens/backend/.venv/lib/python3.11/site-packages/django/core/handlers/base.py", line 197, in _get_response
    response = wrapped_callback(request, *callback_args, **callback_kwargs)
               ^^^^^^^^^^^^^^^^^^^^^^^^^^^^^^^^^^^^^^^^^^^^^^^^^^^^^^^^^^^^
TypeError: health() takes 0 positional arguments but 1 was given
/Users/koded/Desktop/Code/rccg-r63-teens/backend/backend/urls.py changed, reloading.
Watching for file changes with StatReloader
/Users/koded/Desktop/Code/rccg-r63-teens/backend/backend/urls.py changed, reloading.
Watching for file changes with StatReloader
/Users/koded/Desktop/Code/rccg-r63-teens/backend/backend/urls.py changed, reloading.
Watching for file changes with StatReloader
/Users/koded/Desktop/Code/rccg-r63-teens/backend/backend/urls.py changed, reloading.
Watching for file changes with StatReloader
/Users/koded/Desktop/Code/rccg-r63-teens/backend/backend/urls.py changed, reloading.
Watching for file changes with StatReloader
Watching for file changes with StatReloader
/Users/koded/Desktop/Code/rccg-r63-teens/backend/backend/urls.py changed, reloading.
Watching for file changes with StatReloader
Internal Server Error: /api/schema/
Traceback (most recent call last):
  File "/Users/koded/Desktop/Code/rccg-r63-teens/backend/.venv/lib/python3.11/site-packages/django/core/handlers/exception.py", line 55, in inner
    response = get_response(request)
               ^^^^^^^^^^^^^^^^^^^^^
  File "/Users/koded/Desktop/Code/rccg-r63-teens/backend/.venv/lib/python3.11/site-packages/django/core/handlers/base.py", line 197, in _get_response
    response = wrapped_callback(request, *callback_args, **callback_kwargs)
               ^^^^^^^^^^^^^^^^^^^^^^^^^^^^^^^^^^^^^^^^^^^^^^^^^^^^^^^^^^^^
  File "/Users/koded/Desktop/Code/rccg-r63-teens/backend/.venv/lib/python3.11/site-packages/django/views/decorators/csrf.py", line 65, in _view_wrapper
    return view_func(request, *args, **kwargs)
           ^^^^^^^^^^^^^^^^^^^^^^^^^^^^^^^^^^^
  File "/Users/koded/Desktop/Code/rccg-r63-teens/backend/.venv/lib/python3.11/site-packages/django/views/generic/base.py", line 105, in view
    return self.dispatch(request, *args, **kwargs)
           ^^^^^^^^^^^^^^^^^^^^^^^^^^^^^^^^^^^^^^^
  File "/Users/koded/Desktop/Code/rccg-r63-teens/backend/.venv/lib/python3.11/site-packages/rest_framework/views.py", line 515, in dispatch
    response = self.handle_exception(exc)
               ^^^^^^^^^^^^^^^^^^^^^^^^^^
  File "/Users/koded/Desktop/Code/rccg-r63-teens/backend/.venv/lib/python3.11/site-packages/rest_framework/views.py", line 475, in handle_exception
    self.raise_uncaught_exception(exc)
  File "/Users/koded/Desktop/Code/rccg-r63-teens/backend/.venv/lib/python3.11/site-packages/rest_framework/views.py", line 486, in raise_uncaught_exception
    raise exc
  File "/Users/koded/Desktop/Code/rccg-r63-teens/backend/.venv/lib/python3.11/site-packages/rest_framework/views.py", line 512, in dispatch
    response = handler(request, *args, **kwargs)
               ^^^^^^^^^^^^^^^^^^^^^^^^^^^^^^^^^
  File "/Users/koded/Desktop/Code/rccg-r63-teens/backend/.venv/lib/python3.11/site-packages/drf_spectacular/views.py", line 84, in get
    return self._get_schema_response(request)
           ^^^^^^^^^^^^^^^^^^^^^^^^^^^^^^^^^^
  File "/Users/koded/Desktop/Code/rccg-r63-teens/backend/.venv/lib/python3.11/site-packages/drf_spectacular/views.py", line 92, in _get_schema_response
    data=generator.get_schema(request=request, public=self.serve_public),
         ^^^^^^^^^^^^^^^^^^^^^^^^^^^^^^^^^^^^^^^^^^^^^^^^^^^^^^^^^^^^^^^
  File "/Users/koded/Desktop/Code/rccg-r63-teens/backend/.venv/lib/python3.11/site-packages/drf_spectacular/generators.py", line 287, in get_schema
    paths=self.parse(request, public),
          ^^^^^^^^^^^^^^^^^^^^^^^^^^^
  File "/Users/koded/Desktop/Code/rccg-r63-teens/backend/.venv/lib/python3.11/site-packages/drf_spectacular/generators.py", line 252, in parse
    assert isinstance(view.schema, AutoSchema), (
AssertionError: Incompatible AutoSchema used on View <class 'tickets.views.TicketAuditLogView'>. Is DRF's DEFAULT_SCHEMA_CLASS pointing to "drf_spectacular.openapi.AutoSchema" or any other drf-spectacular compatible AutoSchema?
Internal Server Error: /api/schema/
Traceback (most recent call last):
  File "/Users/koded/Desktop/Code/rccg-r63-teens/backend/.venv/lib/python3.11/site-packages/django/core/handlers/exception.py", line 55, in inner
    response = get_response(request)
               ^^^^^^^^^^^^^^^^^^^^^
  File "/Users/koded/Desktop/Code/rccg-r63-teens/backend/.venv/lib/python3.11/site-packages/django/core/handlers/base.py", line 197, in _get_response
    response = wrapped_callback(request, *callback_args, **callback_kwargs)
               ^^^^^^^^^^^^^^^^^^^^^^^^^^^^^^^^^^^^^^^^^^^^^^^^^^^^^^^^^^^^
  File "/Users/koded/Desktop/Code/rccg-r63-teens/backend/.venv/lib/python3.11/site-packages/django/views/decorators/csrf.py", line 65, in _view_wrapper
    return view_func(request, *args, **kwargs)
           ^^^^^^^^^^^^^^^^^^^^^^^^^^^^^^^^^^^
  File "/Users/koded/Desktop/Code/rccg-r63-teens/backend/.venv/lib/python3.11/site-packages/django/views/generic/base.py", line 105, in view
    return self.dispatch(request, *args, **kwargs)
           ^^^^^^^^^^^^^^^^^^^^^^^^^^^^^^^^^^^^^^^
  File "/Users/koded/Desktop/Code/rccg-r63-teens/backend/.venv/lib/python3.11/site-packages/rest_framework/views.py", line 515, in dispatch
    response = self.handle_exception(exc)
               ^^^^^^^^^^^^^^^^^^^^^^^^^^
  File "/Users/koded/Desktop/Code/rccg-r63-teens/backend/.venv/lib/python3.11/site-packages/rest_framework/views.py", line 475, in handle_exception
    self.raise_uncaught_exception(exc)
  File "/Users/koded/Desktop/Code/rccg-r63-teens/backend/.venv/lib/python3.11/site-packages/rest_framework/views.py", line 486, in raise_uncaught_exception
    raise exc
  File "/Users/koded/Desktop/Code/rccg-r63-teens/backend/.venv/lib/python3.11/site-packages/rest_framework/views.py", line 512, in dispatch
    response = handler(request, *args, **kwargs)
               ^^^^^^^^^^^^^^^^^^^^^^^^^^^^^^^^^
  File "/Users/koded/Desktop/Code/rccg-r63-teens/backend/.venv/lib/python3.11/site-packages/drf_spectacular/views.py", line 84, in get
    return self._get_schema_response(request)
           ^^^^^^^^^^^^^^^^^^^^^^^^^^^^^^^^^^
  File "/Users/koded/Desktop/Code/rccg-r63-teens/backend/.venv/lib/python3.11/site-packages/drf_spectacular/views.py", line 92, in _get_schema_response
    data=generator.get_schema(request=request, public=self.serve_public),
         ^^^^^^^^^^^^^^^^^^^^^^^^^^^^^^^^^^^^^^^^^^^^^^^^^^^^^^^^^^^^^^^
  File "/Users/koded/Desktop/Code/rccg-r63-teens/backend/.venv/lib/python3.11/site-packages/drf_spectacular/generators.py", line 287, in get_schema
    paths=self.parse(request, public),
          ^^^^^^^^^^^^^^^^^^^^^^^^^^^
  File "/Users/koded/Desktop/Code/rccg-r63-teens/backend/.venv/lib/python3.11/site-packages/drf_spectacular/generators.py", line 252, in parse
    assert isinstance(view.schema, AutoSchema), (
AssertionError: Incompatible AutoSchema used on View <class 'tickets.views.TicketAuditLogView'>. Is DRF's DEFAULT_SCHEMA_CLASS pointing to "drf_spectacular.openapi.AutoSchema" or any other drf-spectacular compatible AutoSchema?
/Users/koded/Desktop/Code/rccg-r63-teens/backend/backend/settings.py changed, reloading.
Watching for file changes with StatReloader
/Users/koded/Desktop/Code/rccg-r63-teens/backend/backend/settings.py changed, reloading.
Watching for file changes with StatReloader
/Users/koded/Desktop/Code/rccg-r63-teens/backend/backend/settings.py changed, reloading.
Watching for file changes with StatReloader
/Users/koded/Desktop/Code/rccg-r63-teens/backend/backend/settings.py changed, reloading.
Watching for file changes with StatReloader
Watching for file changes with StatReloader
Not Found: /
Not Found: /
Not Found: /favicon.ico
Not Found: /favicon.ico
C:\Users\USA\Desktop\DIVINE\react\rccg-r63-teens\backend\users\models.py changed, reloading.
Watching for file changes with StatReloader
C:\Users\USA\Desktop\DIVINE\react\rccg-r63-teens\backend\users\models.py changed, reloading.
Watching for file changes with StatReloader
C:\Users\USA\Desktop\DIVINE\react\rccg-r63-teens\backend\users\models.py changed, reloading.
Watching for file changes with StatReloader
C:\Users\USA\Desktop\DIVINE\react\rccg-r63-teens\backend\users\models.py changed, reloading.
Watching for file changes with StatReloader
Bad Request: /api/tickets/
Not Found: /
Unauthorized: /api/tickets/
C:\Users\USA\Desktop\DIVINE\react\rccg-r63-teens\backend\users\migrations\0002_alter_user_province.py changed, reloading.
Watching for file changes with StatReloader
Bad Request: /api/tickets/
Watching for file changes with StatReloader
Bad Request: /api/tickets/
C:\Users\USA\Desktop\DIVINE\react\rccg-r63-teens\backend\users\models.py changed, reloading.
Watching for file changes with StatReloader
Unauthorized: /api/payments/payments/initialize/
Unauthorized: /api/payments/payments/initialize/
Unauthorized: /api/payments/payments/initialize/
Bad Request: /api/payments/payments/initialize/
Bad Request: /api/payments/payments/initialize/
C:\Users\USA\Desktop\DIVINE\react\rccg-r63-teens\backend\payments\services.py changed, reloading.
Watching for file changes with StatReloader
C:\Users\USA\Desktop\DIVINE\react\rccg-r63-teens\backend\payments\services.py changed, reloading.
Watching for file changes with StatReloader
Bad Request: /api/payments/payments/initialize/
Bad Request: /api/payments/payments/initialize/
Watching for file changes with StatReloader
Bad Request: /api/payments/payments/initialize/
C:\Users\USA\Desktop\DIVINE\react\rccg-r63-teens\backend\payments\services.py changed, reloading.
Watching for file changes with StatReloader
Watching for file changes with StatReloader
C:\Users\USA\Desktop\DIVINE\react\rccg-r63-teens\backend\payments\services.py changed, reloading.
Watching for file changes with StatReloader
C:\Users\USA\Desktop\DIVINE\react\rccg-r63-teens\backend\payments\services.py changed, reloading.
Watching for file changes with StatReloader
Unauthorized: /api/payments/payments/verify/
Unauthorized: /api/payments/payments/verify/
Unauthorized: /api/payments/payments/verify/
C:\Users\USA\Desktop\DIVINE\react\rccg-r63-teens\backend\payments\serializers.py changed, reloading.
Watching for file changes with StatReloader
C:\Users\USA\Desktop\DIVINE\react\rccg-r63-teens\backend\payments\services.py changed, reloading.
Watching for file changes with StatReloader
C:\Users\USA\Desktop\DIVINE\react\rccg-r63-teens\backend\payments\views.py changed, reloading.
Watching for file changes with StatReloader
C:\Users\USA\Desktop\DIVINE\react\rccg-r63-teens\backend\payments\views.py changed, reloading.
Watching for file changes with StatReloader
C:\Users\USA\Desktop\DIVINE\react\rccg-r63-teens\backend\payments\services.py changed, reloading.
Watching for file changes with StatReloader
C:\Users\USA\Desktop\DIVINE\react\rccg-r63-teens\backend\payments\services.py changed, reloading.
Watching for file changes with StatReloader
C:\Users\USA\Desktop\DIVINE\react\rccg-r63-teens\backend\payments\views.py changed, reloading.
Watching for file changes with StatReloader
Bad Request: /api/tickets/
Bad Request: /api/tickets/
C:\Users\USA\Desktop\DIVINE\react\rccg-r63-teens\backend\tickets\models.py changed, reloading.
Watching for file changes with StatReloader
C:\Users\USA\Desktop\DIVINE\react\rccg-r63-teens\backend\tickets\models.py changed, reloading.
Watching for file changes with StatReloader
C:\Users\USA\Desktop\DIVINE\react\rccg-r63-teens\backend\tickets\serializers.py changed, reloading.
Watching for file changes with StatReloader
Watching for file changes with StatReloader
Bad Request: /api/tickets/
Bad Request: /api/tickets/
Unauthorized: /api/tickets/
Unauthorized: /api/tickets/
Unauthorized: /api/tickets/
C:\Users\USA\Desktop\DIVINE\react\rccg-r63-teens\backend\users\models.py changed, reloading.
Watching for file changes with StatReloader
Watching for file changes with StatReloader
Not Found: /api/users/
Not Found: /api/users/
Not Found: /api/users/users/
Not Found: /api/users/users/
Not Found: /api/users/
Bad Request: /api/auth/users/
Bad Request: /api/auth/users/
Bad Request: /api/auth/users/
Unauthorized: /api/auth/users/
Unauthorized: /api/auth/users/
Unauthorized: /api/tickets/
Unauthorized: /api/tickets/
Unauthorized: /api/tickets/
Unauthorized: /api/tickets/
Unauthorized: /api/tickets/
Bad Request: /api/auth/users/
Watching for file changes with StatReloader
Not Found: /
Not Found: /favicon.ico
Watching for file changes with StatReloader
Watching for file changes with StatReloader
